CRITICAL - 2021-06-02 02:00:24 --> Use of undefined constant a - assumed 'a' (this will throw an Error in a future version of PHP)
#0 C:\xampp\htdocs\stasenudi\app\Controllers\Guest.php(60): CodeIgniter\Debug\Exceptions->errorHandler(2, 'Use of undefine...', 'C:\\xampp\\htdocs...', 60, Array)
#1 C:\xampp\htdocs\stasenudi\vendor\codeigniter4\framework\system\CodeIgniter.php(931): App\Controllers\Guest->loginSubmit()
#2 C:\xampp\htdocs\stasenudi\vendor\codeigniter4\framework\system\CodeIgniter.php(439): CodeIgniter\CodeIgniter->runController(Object(App\Controllers\Guest))
#3 C:\xampp\htdocs\stasenudi\vendor\codeigniter4\framework\system\CodeIgniter.php(339): CodeIgniter\CodeIgniter->handleRequest(NULL, Object(Config\Cache), false)
#4 C:\xampp\htdocs\stasenudi\public\index.php(36): CodeIgniter\CodeIgniter->run()
#5 C:\xampp\htdocs\stasenudi\vendor\codeigniter4\framework\system\Commands\Server\rewrite.php(45): require_once('C:\\xampp\\htdocs...')
#6 {main}
CRITICAL - 2021-06-02 10:12:39 --> Invalid file: common/footer.php
#0 C:\xampp\htdocs\stasenudi\vendor\codeigniter4\framework\system\View\View.php(213): CodeIgniter\Exceptions\FrameworkException::forInvalidFile('common/footer.p...')
#1 C:\xampp\htdocs\stasenudi\vendor\codeigniter4\framework\system\Common.php(1250): CodeIgniter\View\View->render('common/footer', Array, true)
#2 C:\xampp\htdocs\stasenudi\app\Controllers\Home.php(12): view('common/footer')
#3 C:\xampp\htdocs\stasenudi\vendor\codeigniter4\framework\system\CodeIgniter.php(931): App\Controllers\Home->index()
#4 C:\xampp\htdocs\stasenudi\vendor\codeigniter4\framework\system\CodeIgniter.php(439): CodeIgniter\CodeIgniter->runController(Object(App\Controllers\Home))
#5 C:\xampp\htdocs\stasenudi\vendor\codeigniter4\framework\system\CodeIgniter.php(339): CodeIgniter\CodeIgniter->handleRequest(NULL, Object(Config\Cache), false)
#6 C:\xampp\htdocs\stasenudi\public\index.php(36): CodeIgniter\CodeIgniter->run()
#7 C:\xampp\htdocs\stasenudi\vendor\codeigniter4\framework\system\Commands\Server\rewrite.php(45): require_once('C:\\xampp\\htdocs...')
#8 {main}
CRITICAL - 2021-06-02 10:12:39 --> Invalid file: common/footer.php
#0 C:\xampp\htdocs\stasenudi\vendor\codeigniter4\framework\system\View\View.php(213): CodeIgniter\Exceptions\FrameworkException::forInvalidFile('common/footer.p...')
#1 C:\xampp\htdocs\stasenudi\vendor\codeigniter4\framework\system\Common.php(1250): CodeIgniter\View\View->render('common/footer', Array, true)
#2 C:\xampp\htdocs\stasenudi\app\Controllers\Home.php(12): view('common/footer')
#3 C:\xampp\htdocs\stasenudi\vendor\codeigniter4\framework\system\CodeIgniter.php(931): App\Controllers\Home->index()
#4 C:\xampp\htdocs\stasenudi\vendor\codeigniter4\framework\system\CodeIgniter.php(439): CodeIgniter\CodeIgniter->runController(Object(App\Controllers\Home))
#5 C:\xampp\htdocs\stasenudi\vendor\codeigniter4\framework\system\CodeIgniter.php(339): CodeIgniter\CodeIgniter->handleRequest(NULL, Object(Config\Cache), false)
#6 C:\xampp\htdocs\stasenudi\public\index.php(36): CodeIgniter\CodeIgniter->run()
#7 C:\xampp\htdocs\stasenudi\vendor\codeigniter4\framework\system\Commands\Server\rewrite.php(45): require_once('C:\\xampp\\htdocs...')
#8 {main}
CRITICAL - 2021-06-02 10:12:55 --> Invalid file: common/footer.php
#0 C:\xampp\htdocs\stasenudi\vendor\codeigniter4\framework\system\View\View.php(213): CodeIgniter\Exceptions\FrameworkException::forInvalidFile('common/footer.p...')
#1 C:\xampp\htdocs\stasenudi\vendor\codeigniter4\framework\system\Common.php(1250): CodeIgniter\View\View->render('common/footer', Array, true)
#2 C:\xampp\htdocs\stasenudi\app\Controllers\Home.php(12): view('common/footer')
#3 C:\xampp\htdocs\stasenudi\vendor\codeigniter4\framework\system\CodeIgniter.php(931): App\Controllers\Home->index()
#4 C:\xampp\htdocs\stasenudi\vendor\codeigniter4\framework\system\CodeIgniter.php(439): CodeIgniter\CodeIgniter->runController(Object(App\Controllers\Home))
#5 C:\xampp\htdocs\stasenudi\vendor\codeigniter4\framework\system\CodeIgniter.php(339): CodeIgniter\CodeIgniter->handleRequest(NULL, Object(Config\Cache), false)
#6 C:\xampp\htdocs\stasenudi\public\index.php(36): CodeIgniter\CodeIgniter->run()
#7 C:\xampp\htdocs\stasenudi\vendor\codeigniter4\framework\system\Commands\Server\rewrite.php(45): require_once('C:\\xampp\\htdocs...')
#8 {main}
CRITICAL - 2021-06-02 10:14:53 --> Invalid file: common/footer.php
#0 C:\xampp\htdocs\stasenudi\vendor\codeigniter4\framework\system\View\View.php(213): CodeIgniter\Exceptions\FrameworkException::forInvalidFile('common/footer.p...')
#1 C:\xampp\htdocs\stasenudi\vendor\codeigniter4\framework\system\Common.php(1250): CodeIgniter\View\View->render('common/footer', Array, true)
#2 C:\xampp\htdocs\stasenudi\app\Controllers\Home.php(12): view('common/footer')
#3 C:\xampp\htdocs\stasenudi\vendor\codeigniter4\framework\system\CodeIgniter.php(931): App\Controllers\Home->index()
#4 C:\xampp\htdocs\stasenudi\vendor\codeigniter4\framework\system\CodeIgniter.php(439): CodeIgniter\CodeIgniter->runController(Object(App\Controllers\Home))
#5 C:\xampp\htdocs\stasenudi\vendor\codeigniter4\framework\system\CodeIgniter.php(339): CodeIgniter\CodeIgniter->handleRequest(NULL, Object(Config\Cache), false)
#6 C:\xampp\htdocs\stasenudi\public\index.php(36): CodeIgniter\CodeIgniter->run()
#7 C:\xampp\htdocs\stasenudi\vendor\codeigniter4\framework\system\Commands\Server\rewrite.php(45): require_once('C:\\xampp\\htdocs...')
#8 {main}
CRITICAL - 2021-06-02 10:15:48 --> Invalid file: common/footer.php
#0 C:\xampp\htdocs\stasenudi\vendor\codeigniter4\framework\system\View\View.php(213): CodeIgniter\Exceptions\FrameworkException::forInvalidFile('common/footer.p...')
#1 C:\xampp\htdocs\stasenudi\vendor\codeigniter4\framework\system\Common.php(1250): CodeIgniter\View\View->render('common/footer', Array, true)
#2 C:\xampp\htdocs\stasenudi\app\Controllers\Home.php(12): view('common/footer')
#3 C:\xampp\htdocs\stasenudi\vendor\codeigniter4\framework\system\CodeIgniter.php(931): App\Controllers\Home->index()
#4 C:\xampp\htdocs\stasenudi\vendor\codeigniter4\framework\system\CodeIgniter.php(439): CodeIgniter\CodeIgniter->runController(Object(App\Controllers\Home))
#5 C:\xampp\htdocs\stasenudi\vendor\codeigniter4\framework\system\CodeIgniter.php(339): CodeIgniter\CodeIgniter->handleRequest(NULL, Object(Config\Cache), false)
#6 C:\xampp\htdocs\stasenudi\public\index.php(36): CodeIgniter\CodeIgniter->run()
#7 C:\xampp\htdocs\stasenudi\vendor\codeigniter4\framework\system\Commands\Server\rewrite.php(45): require_once('C:\\xampp\\htdocs...')
#8 {main}
CRITICAL - 2021-06-02 10:16:03 --> Invalid file: common/footer.php
#0 C:\xampp\htdocs\stasenudi\vendor\codeigniter4\framework\system\View\View.php(213): CodeIgniter\Exceptions\FrameworkException::forInvalidFile('common/footer.p...')
#1 C:\xampp\htdocs\stasenudi\vendor\codeigniter4\framework\system\Common.php(1250): CodeIgniter\View\View->render('common/footer', Array, true)
#2 C:\xampp\htdocs\stasenudi\app\Controllers\Home.php(12): view('common/footer')
#3 C:\xampp\htdocs\stasenudi\vendor\codeigniter4\framework\system\CodeIgniter.php(931): App\Controllers\Home->index()
#4 C:\xampp\htdocs\stasenudi\vendor\codeigniter4\framework\system\CodeIgniter.php(439): CodeIgniter\CodeIgniter->runController(Object(App\Controllers\Home))
#5 C:\xampp\htdocs\stasenudi\vendor\codeigniter4\framework\system\CodeIgniter.php(339): CodeIgniter\CodeIgniter->handleRequest(NULL, Object(Config\Cache), false)
#6 C:\xampp\htdocs\stasenudi\public\index.php(36): CodeIgniter\CodeIgniter->run()
#7 C:\xampp\htdocs\stasenudi\vendor\codeigniter4\framework\system\Commands\Server\rewrite.php(45): require_once('C:\\xampp\\htdocs...')
#8 {main}
CRITICAL - 2021-06-02 10:17:40 --> Too few arguments to function App\Controllers\Guest::support(), 0 passed in C:\xampp\htdocs\stasenudi\vendor\codeigniter4\framework\system\CodeIgniter.php on line 931 and exactly 1 expected
#0 C:\xampp\htdocs\stasenudi\vendor\codeigniter4\framework\system\CodeIgniter.php(931): App\Controllers\Guest->support()
#1 C:\xampp\htdocs\stasenudi\vendor\codeigniter4\framework\system\CodeIgniter.php(439): CodeIgniter\CodeIgniter->runController(Object(App\Controllers\Guest))
#2 C:\xampp\htdocs\stasenudi\vendor\codeigniter4\framework\system\CodeIgniter.php(339): CodeIgniter\CodeIgniter->handleRequest(NULL, Object(Config\Cache), false)
#3 C:\xampp\htdocs\stasenudi\public\index.php(36): CodeIgniter\CodeIgniter->run()
#4 C:\xampp\htdocs\stasenudi\vendor\codeigniter4\framework\system\Commands\Server\rewrite.php(45): require_once('C:\\xampp\\htdocs...')
#5 {main}
CRITICAL - 2021-06-02 10:18:14 --> Invalid file: common/footer.php
#0 C:\xampp\htdocs\stasenudi\vendor\codeigniter4\framework\system\View\View.php(213): CodeIgniter\Exceptions\FrameworkException::forInvalidFile('common/footer.p...')
#1 C:\xampp\htdocs\stasenudi\vendor\codeigniter4\framework\system\Common.php(1250): CodeIgniter\View\View->render('common/footer', Array, true)
#2 C:\xampp\htdocs\stasenudi\app\Controllers\Home.php(12): view('common/footer')
#3 C:\xampp\htdocs\stasenudi\vendor\codeigniter4\framework\system\CodeIgniter.php(931): App\Controllers\Home->index()
#4 C:\xampp\htdocs\stasenudi\vendor\codeigniter4\framework\system\CodeIgniter.php(439): CodeIgniter\CodeIgniter->runController(Object(App\Controllers\Home))
#5 C:\xampp\htdocs\stasenudi\vendor\codeigniter4\framework\system\CodeIgniter.php(339): CodeIgniter\CodeIgniter->handleRequest(NULL, Object(Config\Cache), false)
#6 C:\xampp\htdocs\stasenudi\public\index.php(36): CodeIgniter\CodeIgniter->run()
#7 C:\xampp\htdocs\stasenudi\vendor\codeigniter4\framework\system\Commands\Server\rewrite.php(45): require_once('C:\\xampp\\htdocs...')
#8 {main}
CRITICAL - 2021-06-02 10:18:15 --> Invalid file: common/footer.php
#0 C:\xampp\htdocs\stasenudi\vendor\codeigniter4\framework\system\View\View.php(213): CodeIgniter\Exceptions\FrameworkException::forInvalidFile('common/footer.p...')
#1 C:\xampp\htdocs\stasenudi\vendor\codeigniter4\framework\system\Common.php(1250): CodeIgniter\View\View->render('common/footer', Array, true)
#2 C:\xampp\htdocs\stasenudi\app\Controllers\Home.php(12): view('common/footer')
#3 C:\xampp\htdocs\stasenudi\vendor\codeigniter4\framework\system\CodeIgniter.php(931): App\Controllers\Home->index()
#4 C:\xampp\htdocs\stasenudi\vendor\codeigniter4\framework\system\CodeIgniter.php(439): CodeIgniter\CodeIgniter->runController(Object(App\Controllers\Home))
#5 C:\xampp\htdocs\stasenudi\vendor\codeigniter4\framework\system\CodeIgniter.php(339): CodeIgniter\CodeIgniter->handleRequest(NULL, Object(Config\Cache), false)
#6 C:\xampp\htdocs\stasenudi\public\index.php(36): CodeIgniter\CodeIgniter->run()
#7 C:\xampp\htdocs\stasenudi\vendor\codeigniter4\framework\system\Commands\Server\rewrite.php(45): require_once('C:\\xampp\\htdocs...')
#8 {main}
CRITICAL - 2021-06-02 15:28:20 --> Call to a member function findAll() on null
#0 C:\xampp\htdocs\stasenudi\vendor\codeigniter4\framework\system\CodeIgniter.php(931): App\Controllers\Guest->search()
#1 C:\xampp\htdocs\stasenudi\vendor\codeigniter4\framework\system\CodeIgniter.php(439): CodeIgniter\CodeIgniter->runController(Object(App\Controllers\Guest))
#2 C:\xampp\htdocs\stasenudi\vendor\codeigniter4\framework\system\CodeIgniter.php(339): CodeIgniter\CodeIgniter->handleRequest(NULL, Object(Config\Cache), false)
#3 C:\xampp\htdocs\stasenudi\public\index.php(36): CodeIgniter\CodeIgniter->run()
#4 C:\xampp\htdocs\stasenudi\vendor\codeigniter4\framework\system\Commands\Server\rewrite.php(45): require_once('C:\\xampp\\htdocs...')
#5 {main}
CRITICAL - 2021-06-02 15:28:26 --> Call to a member function findAll() on null
#0 C:\xampp\htdocs\stasenudi\vendor\codeigniter4\framework\system\CodeIgniter.php(931): App\Controllers\Guest->search()
#1 C:\xampp\htdocs\stasenudi\vendor\codeigniter4\framework\system\CodeIgniter.php(439): CodeIgniter\CodeIgniter->runController(Object(App\Controllers\Guest))
#2 C:\xampp\htdocs\stasenudi\vendor\codeigniter4\framework\system\CodeIgniter.php(339): CodeIgniter\CodeIgniter->handleRequest(NULL, Object(Config\Cache), false)
#3 C:\xampp\htdocs\stasenudi\public\index.php(36): CodeIgniter\CodeIgniter->run()
#4 C:\xampp\htdocs\stasenudi\vendor\codeigniter4\framework\system\Commands\Server\rewrite.php(45): require_once('C:\\xampp\\htdocs...')
#5 {main}
CRITICAL - 2021-06-02 15:28:34 --> Call to a member function findAll() on null
#0 C:\xampp\htdocs\stasenudi\vendor\codeigniter4\framework\system\CodeIgniter.php(931): App\Controllers\Guest->search()
#1 C:\xampp\htdocs\stasenudi\vendor\codeigniter4\framework\system\CodeIgniter.php(439): CodeIgniter\CodeIgniter->runController(Object(App\Controllers\Guest))
#2 C:\xampp\htdocs\stasenudi\vendor\codeigniter4\framework\system\CodeIgniter.php(339): CodeIgniter\CodeIgniter->handleRequest(NULL, Object(Config\Cache), false)
#3 C:\xampp\htdocs\stasenudi\public\index.php(36): CodeIgniter\CodeIgniter->run()
#4 C:\xampp\htdocs\stasenudi\vendor\codeigniter4\framework\system\Commands\Server\rewrite.php(45): require_once('C:\\xampp\\htdocs...')
#5 {main}
CRITICAL - 2021-06-02 15:29:10 --> Call to a member function findAll() on null
#0 C:\xampp\htdocs\stasenudi\vendor\codeigniter4\framework\system\CodeIgniter.php(931): App\Controllers\Guest->search()
#1 C:\xampp\htdocs\stasenudi\vendor\codeigniter4\framework\system\CodeIgniter.php(439): CodeIgniter\CodeIgniter->runController(Object(App\Controllers\Guest))
#2 C:\xampp\htdocs\stasenudi\vendor\codeigniter4\framework\system\CodeIgniter.php(339): CodeIgniter\CodeIgniter->handleRequest(NULL, Object(Config\Cache), false)
#3 C:\xampp\htdocs\stasenudi\public\index.php(36): CodeIgniter\CodeIgniter->run()
#4 C:\xampp\htdocs\stasenudi\vendor\codeigniter4\framework\system\Commands\Server\rewrite.php(45): require_once('C:\\xampp\\htdocs...')
#5 {main}
CRITICAL - 2021-06-02 15:29:55 --> Invalid argument supplied for foreach()
#0 C:\xampp\htdocs\stasenudi\app\Views\common\search.php(22): CodeIgniter\Debug\Exceptions->errorHandler(2, 'Invalid argumen...', 'C:\\xampp\\htdocs...', 22, Array)
#1 C:\xampp\htdocs\stasenudi\vendor\codeigniter4\framework\system\View\View.php(230): include('C:\\xampp\\htdocs...')
#2 C:\xampp\htdocs\stasenudi\vendor\codeigniter4\framework\system\View\View.php(232): CodeIgniter\View\View->CodeIgniter\View\{closure}()
#3 C:\xampp\htdocs\stasenudi\vendor\codeigniter4\framework\system\Common.php(1250): CodeIgniter\View\View->render('common/search', Array, true)
#4 C:\xampp\htdocs\stasenudi\app\Controllers\Guest.php(15): view('common/search', Array)
#5 C:\xampp\htdocs\stasenudi\app\Controllers\Guest.php(78): App\Controllers\Guest->show('search', Array)
#6 C:\xampp\htdocs\stasenudi\vendor\codeigniter4\framework\system\CodeIgniter.php(931): App\Controllers\Guest->search()
#7 C:\xampp\htdocs\stasenudi\vendor\codeigniter4\framework\system\CodeIgniter.php(439): CodeIgniter\CodeIgniter->runController(Object(App\Controllers\Guest))
#8 C:\xampp\htdocs\stasenudi\vendor\codeigniter4\framework\system\CodeIgniter.php(339): CodeIgniter\CodeIgniter->handleRequest(NULL, Object(Config\Cache), false)
#9 C:\xampp\htdocs\stasenudi\public\index.php(36): CodeIgniter\CodeIgniter->run()
#10 C:\xampp\htdocs\stasenudi\vendor\codeigniter4\framework\system\Commands\Server\rewrite.php(45): require_once('C:\\xampp\\htdocs...')
#11 {main}
CRITICAL - 2021-06-02 15:30:17 --> Invalid argument supplied for foreach()
#0 C:\xampp\htdocs\stasenudi\app\Views\common\search.php(22): CodeIgniter\Debug\Exceptions->errorHandler(2, 'Invalid argumen...', 'C:\\xampp\\htdocs...', 22, Array)
#1 C:\xampp\htdocs\stasenudi\vendor\codeigniter4\framework\system\View\View.php(230): include('C:\\xampp\\htdocs...')
#2 C:\xampp\htdocs\stasenudi\vendor\codeigniter4\framework\system\View\View.php(232): CodeIgniter\View\View->CodeIgniter\View\{closure}()
#3 C:\xampp\htdocs\stasenudi\vendor\codeigniter4\framework\system\Common.php(1250): CodeIgniter\View\View->render('common/search', Array, true)
#4 C:\xampp\htdocs\stasenudi\app\Controllers\Guest.php(15): view('common/search', Array)
#5 C:\xampp\htdocs\stasenudi\app\Controllers\Guest.php(78): App\Controllers\Guest->show('search', Array)
#6 C:\xampp\htdocs\stasenudi\vendor\codeigniter4\framework\system\CodeIgniter.php(931): App\Controllers\Guest->search()
#7 C:\xampp\htdocs\stasenudi\vendor\codeigniter4\framework\system\CodeIgniter.php(439): CodeIgniter\CodeIgniter->runController(Object(App\Controllers\Guest))
#8 C:\xampp\htdocs\stasenudi\vendor\codeigniter4\framework\system\CodeIgniter.php(339): CodeIgniter\CodeIgniter->handleRequest(NULL, Object(Config\Cache), false)
#9 C:\xampp\htdocs\stasenudi\public\index.php(36): CodeIgniter\CodeIgniter->run()
#10 C:\xampp\htdocs\stasenudi\vendor\codeigniter4\framework\system\Commands\Server\rewrite.php(45): require_once('C:\\xampp\\htdocs...')
#11 {main}
CRITICAL - 2021-06-02 15:30:40 --> Invalid argument supplied for foreach()
#0 C:\xampp\htdocs\stasenudi\app\Views\common\search.php(22): CodeIgniter\Debug\Exceptions->errorHandler(2, 'Invalid argumen...', 'C:\\xampp\\htdocs...', 22, Array)
#1 C:\xampp\htdocs\stasenudi\vendor\codeigniter4\framework\system\View\View.php(230): include('C:\\xampp\\htdocs...')
#2 C:\xampp\htdocs\stasenudi\vendor\codeigniter4\framework\system\View\View.php(232): CodeIgniter\View\View->CodeIgniter\View\{closure}()
#3 C:\xampp\htdocs\stasenudi\vendor\codeigniter4\framework\system\Common.php(1250): CodeIgniter\View\View->render('common/search', Array, true)
#4 C:\xampp\htdocs\stasenudi\app\Controllers\Guest.php(15): view('common/search', Array)
#5 C:\xampp\htdocs\stasenudi\app\Controllers\Guest.php(75): App\Controllers\Guest->show('search', Array)
#6 C:\xampp\htdocs\stasenudi\vendor\codeigniter4\framework\system\CodeIgniter.php(931): App\Controllers\Guest->search()
#7 C:\xampp\htdocs\stasenudi\vendor\codeigniter4\framework\system\CodeIgniter.php(439): CodeIgniter\CodeIgniter->runController(Object(App\Controllers\Guest))
#8 C:\xampp\htdocs\stasenudi\vendor\codeigniter4\framework\system\CodeIgniter.php(339): CodeIgniter\CodeIgniter->handleRequest(NULL, Object(Config\Cache), false)
#9 C:\xampp\htdocs\stasenudi\public\index.php(36): CodeIgniter\CodeIgniter->run()
#10 C:\xampp\htdocs\stasenudi\vendor\codeigniter4\framework\system\Commands\Server\rewrite.php(45): require_once('C:\\xampp\\htdocs...')
#11 {main}
CRITICAL - 2021-06-02 15:30:51 --> Invalid argument supplied for foreach()
#0 C:\xampp\htdocs\stasenudi\app\Views\common\search.php(22): CodeIgniter\Debug\Exceptions->errorHandler(2, 'Invalid argumen...', 'C:\\xampp\\htdocs...', 22, Array)
#1 C:\xampp\htdocs\stasenudi\vendor\codeigniter4\framework\system\View\View.php(230): include('C:\\xampp\\htdocs...')
#2 C:\xampp\htdocs\stasenudi\vendor\codeigniter4\framework\system\View\View.php(232): CodeIgniter\View\View->CodeIgniter\View\{closure}()
#3 C:\xampp\htdocs\stasenudi\vendor\codeigniter4\framework\system\Common.php(1250): CodeIgniter\View\View->render('common/search', Array, true)
#4 C:\xampp\htdocs\stasenudi\app\Controllers\Guest.php(15): view('common/search', Array)
#5 C:\xampp\htdocs\stasenudi\app\Controllers\Guest.php(75): App\Controllers\Guest->show('search', Array)
#6 C:\xampp\htdocs\stasenudi\vendor\codeigniter4\framework\system\CodeIgniter.php(931): App\Controllers\Guest->search()
#7 C:\xampp\htdocs\stasenudi\vendor\codeigniter4\framework\system\CodeIgniter.php(439): CodeIgniter\CodeIgniter->runController(Object(App\Controllers\Guest))
#8 C:\xampp\htdocs\stasenudi\vendor\codeigniter4\framework\system\CodeIgniter.php(339): CodeIgniter\CodeIgniter->handleRequest(NULL, Object(Config\Cache), false)
#9 C:\xampp\htdocs\stasenudi\public\index.php(36): CodeIgniter\CodeIgniter->run()
#10 C:\xampp\htdocs\stasenudi\vendor\codeigniter4\framework\system\Commands\Server\rewrite.php(45): require_once('C:\\xampp\\htdocs...')
#11 {main}
CRITICAL - 2021-06-02 15:31:35 --> Invalid argument supplied for foreach()
#0 C:\xampp\htdocs\stasenudi\app\Views\common\search.php(22): CodeIgniter\Debug\Exceptions->errorHandler(2, 'Invalid argumen...', 'C:\\xampp\\htdocs...', 22, Array)
#1 C:\xampp\htdocs\stasenudi\vendor\codeigniter4\framework\system\View\View.php(230): include('C:\\xampp\\htdocs...')
#2 C:\xampp\htdocs\stasenudi\vendor\codeigniter4\framework\system\View\View.php(232): CodeIgniter\View\View->CodeIgniter\View\{closure}()
#3 C:\xampp\htdocs\stasenudi\vendor\codeigniter4\framework\system\Common.php(1250): CodeIgniter\View\View->render('common/search', Array, true)
#4 C:\xampp\htdocs\stasenudi\app\Controllers\Guest.php(15): view('common/search', Array)
#5 C:\xampp\htdocs\stasenudi\app\Controllers\Guest.php(75): App\Controllers\Guest->show('search', Array)
#6 C:\xampp\htdocs\stasenudi\vendor\codeigniter4\framework\system\CodeIgniter.php(931): App\Controllers\Guest->search()
#7 C:\xampp\htdocs\stasenudi\vendor\codeigniter4\framework\system\CodeIgniter.php(439): CodeIgniter\CodeIgniter->runController(Object(App\Controllers\Guest))
#8 C:\xampp\htdocs\stasenudi\vendor\codeigniter4\framework\system\CodeIgniter.php(339): CodeIgniter\CodeIgniter->handleRequest(NULL, Object(Config\Cache), false)
#9 C:\xampp\htdocs\stasenudi\public\index.php(36): CodeIgniter\CodeIgniter->run()
#10 C:\xampp\htdocs\stasenudi\vendor\codeigniter4\framework\system\Commands\Server\rewrite.php(45): require_once('C:\\xampp\\htdocs...')
#11 {main}
CRITICAL - 2021-06-02 15:37:29 --> syntax error, unexpected '->' (T_OBJECT_OPERATOR), expecting ']'
#0 C:\xampp\htdocs\stasenudi\vendor\codeigniter4\framework\system\Router\Router.php(169): CodeIgniter\Router\Router->autoRoute('Guest/search')
#1 C:\xampp\htdocs\stasenudi\vendor\codeigniter4\framework\system\CodeIgniter.php(812): CodeIgniter\Router\Router->handle('Guest/search')
#2 C:\xampp\htdocs\stasenudi\vendor\codeigniter4\framework\system\CodeIgniter.php(392): CodeIgniter\CodeIgniter->tryToRouteIt(Object(CodeIgniter\Router\RouteCollection))
#3 C:\xampp\htdocs\stasenudi\vendor\codeigniter4\framework\system\CodeIgniter.php(339): CodeIgniter\CodeIgniter->handleRequest(NULL, Object(Config\Cache), false)
#4 C:\xampp\htdocs\stasenudi\public\index.php(36): CodeIgniter\CodeIgniter->run()
#5 C:\xampp\htdocs\stasenudi\vendor\codeigniter4\framework\system\Commands\Server\rewrite.php(45): require_once('C:\\xampp\\htdocs...')
#6 {main}
CRITICAL - 2021-06-02 15:37:31 --> syntax error, unexpected '->' (T_OBJECT_OPERATOR), expecting ']'
#0 C:\xampp\htdocs\stasenudi\vendor\codeigniter4\framework\system\Router\Router.php(169): CodeIgniter\Router\Router->autoRoute('Guest/index')
#1 C:\xampp\htdocs\stasenudi\vendor\codeigniter4\framework\system\CodeIgniter.php(812): CodeIgniter\Router\Router->handle('Guest/index')
#2 C:\xampp\htdocs\stasenudi\vendor\codeigniter4\framework\system\CodeIgniter.php(392): CodeIgniter\CodeIgniter->tryToRouteIt(Object(CodeIgniter\Router\RouteCollection))
#3 C:\xampp\htdocs\stasenudi\vendor\codeigniter4\framework\system\CodeIgniter.php(339): CodeIgniter\CodeIgniter->handleRequest(NULL, Object(Config\Cache), false)
#4 C:\xampp\htdocs\stasenudi\public\index.php(36): CodeIgniter\CodeIgniter->run()
#5 C:\xampp\htdocs\stasenudi\vendor\codeigniter4\framework\system\Commands\Server\rewrite.php(45): require_once('C:\\xampp\\htdocs...')
#6 {main}
CRITICAL - 2021-06-02 16:14:43 --> Illegal string offset 'controller'
#0 C:\xampp\htdocs\stasenudi\app\Controllers\Guest.php(12): CodeIgniter\Debug\Exceptions->errorHandler(2, 'Illegal string ...', 'C:\\xampp\\htdocs...', 12, Array)
#1 C:\xampp\htdocs\stasenudi\app\Controllers\Guest.php(73): App\Controllers\Guest->show('ad', 'S20')
#2 C:\xampp\htdocs\stasenudi\vendor\codeigniter4\framework\system\CodeIgniter.php(931): App\Controllers\Guest->getAd('S20')
#3 C:\xampp\htdocs\stasenudi\vendor\codeigniter4\framework\system\CodeIgniter.php(439): CodeIgniter\CodeIgniter->runController(Object(App\Controllers\Guest))
#4 C:\xampp\htdocs\stasenudi\vendor\codeigniter4\framework\system\CodeIgniter.php(339): CodeIgniter\CodeIgniter->handleRequest(NULL, Object(Config\Cache), false)
#5 C:\xampp\htdocs\stasenudi\public\index.php(36): CodeIgniter\CodeIgniter->run()
#6 C:\xampp\htdocs\stasenudi\vendor\codeigniter4\framework\system\Commands\Server\rewrite.php(45): require_once('C:\\xampp\\htdocs...')
#7 {main}
CRITICAL - 2021-06-02 16:16:00 --> Too few arguments to function App\Controllers\Guest::getAd(), 0 passed in C:\xampp\htdocs\stasenudi\vendor\codeigniter4\framework\system\CodeIgniter.php on line 931 and exactly 1 expected
#0 C:\xampp\htdocs\stasenudi\vendor\codeigniter4\framework\system\CodeIgniter.php(931): App\Controllers\Guest->getAd()
#1 C:\xampp\htdocs\stasenudi\vendor\codeigniter4\framework\system\CodeIgniter.php(439): CodeIgniter\CodeIgniter->runController(Object(App\Controllers\Guest))
#2 C:\xampp\htdocs\stasenudi\vendor\codeigniter4\framework\system\CodeIgniter.php(339): CodeIgniter\CodeIgniter->handleRequest(NULL, Object(Config\Cache), false)
#3 C:\xampp\htdocs\stasenudi\public\index.php(36): CodeIgniter\CodeIgniter->run()
#4 C:\xampp\htdocs\stasenudi\vendor\codeigniter4\framework\system\Commands\Server\rewrite.php(45): require_once('C:\\xampp\\htdocs...')
#5 {main}
CRITICAL - 2021-06-02 16:23:57 --> Illegal string offset 'controller'
#0 C:\xampp\htdocs\stasenudi\app\Controllers\Guest.php(12): CodeIgniter\Debug\Exceptions->errorHandler(2, 'Illegal string ...', 'C:\\xampp\\htdocs...', 12, Array)
#1 C:\xampp\htdocs\stasenudi\app\Controllers\Guest.php(73): App\Controllers\Guest->show('ad', '2')
#2 C:\xampp\htdocs\stasenudi\vendor\codeigniter4\framework\system\CodeIgniter.php(931): App\Controllers\Guest->getAd('2')
#3 C:\xampp\htdocs\stasenudi\vendor\codeigniter4\framework\system\CodeIgniter.php(439): CodeIgniter\CodeIgniter->runController(Object(App\Controllers\Guest))
#4 C:\xampp\htdocs\stasenudi\vendor\codeigniter4\framework\system\CodeIgniter.php(339): CodeIgniter\CodeIgniter->handleRequest(NULL, Object(Config\Cache), false)
#5 C:\xampp\htdocs\stasenudi\public\index.php(36): CodeIgniter\CodeIgniter->run()
#6 C:\xampp\htdocs\stasenudi\vendor\codeigniter4\framework\system\Commands\Server\rewrite.php(45): require_once('C:\\xampp\\htdocs...')
#7 {main}
CRITICAL - 2021-06-02 16:24:38 --> Illegal string offset 'controller'
#0 C:\xampp\htdocs\stasenudi\app\Controllers\Guest.php(12): CodeIgniter\Debug\Exceptions->errorHandler(2, 'Illegal string ...', 'C:\\xampp\\htdocs...', 12, Array)
#1 C:\xampp\htdocs\stasenudi\app\Controllers\Guest.php(74): App\Controllers\Guest->show('ad', '2')
#2 C:\xampp\htdocs\stasenudi\vendor\codeigniter4\framework\system\CodeIgniter.php(931): App\Controllers\Guest->getAd('2')
#3 C:\xampp\htdocs\stasenudi\vendor\codeigniter4\framework\system\CodeIgniter.php(439): CodeIgniter\CodeIgniter->runController(Object(App\Controllers\Guest))
#4 C:\xampp\htdocs\stasenudi\vendor\codeigniter4\framework\system\CodeIgniter.php(339): CodeIgniter\CodeIgniter->handleRequest(NULL, Object(Config\Cache), false)
#5 C:\xampp\htdocs\stasenudi\public\index.php(36): CodeIgniter\CodeIgniter->run()
#6 C:\xampp\htdocs\stasenudi\vendor\codeigniter4\framework\system\Commands\Server\rewrite.php(45): require_once('C:\\xampp\\htdocs...')
#7 {main}
CRITICAL - 2021-06-02 16:50:32 --> syntax error, unexpected '.', expecting end of file
#0 C:\xampp\htdocs\stasenudi\vendor\codeigniter4\framework\system\View\View.php(232): CodeIgniter\View\View->CodeIgniter\View\{closure}()
#1 C:\xampp\htdocs\stasenudi\vendor\codeigniter4\framework\system\Common.php(1250): CodeIgniter\View\View->render('common/ad', Array, true)
#2 C:\xampp\htdocs\stasenudi\app\Controllers\Guest.php(15): view('common/ad', Array)
#3 C:\xampp\htdocs\stasenudi\app\Controllers\Guest.php(82): App\Controllers\Guest->show('ad', Array)
#4 C:\xampp\htdocs\stasenudi\vendor\codeigniter4\framework\system\CodeIgniter.php(931): App\Controllers\Guest->getAd('2')
#5 C:\xampp\htdocs\stasenudi\vendor\codeigniter4\framework\system\CodeIgniter.php(439): CodeIgniter\CodeIgniter->runController(Object(App\Controllers\Guest))
#6 C:\xampp\htdocs\stasenudi\vendor\codeigniter4\framework\system\CodeIgniter.php(339): CodeIgniter\CodeIgniter->handleRequest(NULL, Object(Config\Cache), false)
#7 C:\xampp\htdocs\stasenudi\public\index.php(36): CodeIgniter\CodeIgniter->run()
#8 C:\xampp\htdocs\stasenudi\vendor\codeigniter4\framework\system\Commands\Server\rewrite.php(45): require_once('C:\\xampp\\htdocs...')
#9 {main}
