CRITICAL - 2021-06-03 06:57:04 --> Too few arguments to function App\Controllers\Guest::showUserAds(), 0 passed in C:\xampp\htdocs\stasenudi\vendor\codeigniter4\framework\system\CodeIgniter.php on line 931 and exactly 1 expected
#0 C:\xampp\htdocs\stasenudi\vendor\codeigniter4\framework\system\CodeIgniter.php(931): App\Controllers\Guest->showUserAds()
#1 C:\xampp\htdocs\stasenudi\vendor\codeigniter4\framework\system\CodeIgniter.php(439): CodeIgniter\CodeIgniter->runController(Object(App\Controllers\Guest))
#2 C:\xampp\htdocs\stasenudi\vendor\codeigniter4\framework\system\CodeIgniter.php(339): CodeIgniter\CodeIgniter->handleRequest(NULL, Object(Config\Cache), false)
#3 C:\xampp\htdocs\stasenudi\public\index.php(36): CodeIgniter\CodeIgniter->run()
#4 C:\xampp\htdocs\stasenudi\vendor\codeigniter4\framework\system\Commands\Server\rewrite.php(45): require_once('C:\\xampp\\htdocs...')
#5 {main}
CRITICAL - 2021-06-03 06:57:50 --> Too few arguments to function App\Controllers\Guest::showUserAds(), 0 passed in C:\xampp\htdocs\stasenudi\vendor\codeigniter4\framework\system\CodeIgniter.php on line 931 and exactly 1 expected
#0 C:\xampp\htdocs\stasenudi\vendor\codeigniter4\framework\system\CodeIgniter.php(931): App\Controllers\Guest->showUserAds()
#1 C:\xampp\htdocs\stasenudi\vendor\codeigniter4\framework\system\CodeIgniter.php(439): CodeIgniter\CodeIgniter->runController(Object(App\Controllers\Guest))
#2 C:\xampp\htdocs\stasenudi\vendor\codeigniter4\framework\system\CodeIgniter.php(339): CodeIgniter\CodeIgniter->handleRequest(NULL, Object(Config\Cache), false)
#3 C:\xampp\htdocs\stasenudi\public\index.php(36): CodeIgniter\CodeIgniter->run()
#4 C:\xampp\htdocs\stasenudi\vendor\codeigniter4\framework\system\Commands\Server\rewrite.php(45): require_once('C:\\xampp\\htdocs...')
#5 {main}
CRITICAL - 2021-06-03 06:57:54 --> Too few arguments to function App\Controllers\Guest::showUserAds(), 0 passed in C:\xampp\htdocs\stasenudi\vendor\codeigniter4\framework\system\CodeIgniter.php on line 931 and exactly 1 expected
#0 C:\xampp\htdocs\stasenudi\vendor\codeigniter4\framework\system\CodeIgniter.php(931): App\Controllers\Guest->showUserAds()
#1 C:\xampp\htdocs\stasenudi\vendor\codeigniter4\framework\system\CodeIgniter.php(439): CodeIgniter\CodeIgniter->runController(Object(App\Controllers\Guest))
#2 C:\xampp\htdocs\stasenudi\vendor\codeigniter4\framework\system\CodeIgniter.php(339): CodeIgniter\CodeIgniter->handleRequest(NULL, Object(Config\Cache), false)
#3 C:\xampp\htdocs\stasenudi\public\index.php(36): CodeIgniter\CodeIgniter->run()
#4 C:\xampp\htdocs\stasenudi\vendor\codeigniter4\framework\system\Commands\Server\rewrite.php(45): require_once('C:\\xampp\\htdocs...')
#5 {main}
CRITICAL - 2021-06-03 06:58:43 --> Too few arguments to function App\Controllers\Guest::showUserAds(), 0 passed in C:\xampp\htdocs\stasenudi\vendor\codeigniter4\framework\system\CodeIgniter.php on line 931 and exactly 1 expected
#0 C:\xampp\htdocs\stasenudi\vendor\codeigniter4\framework\system\CodeIgniter.php(931): App\Controllers\Guest->showUserAds()
#1 C:\xampp\htdocs\stasenudi\vendor\codeigniter4\framework\system\CodeIgniter.php(439): CodeIgniter\CodeIgniter->runController(Object(App\Controllers\Guest))
#2 C:\xampp\htdocs\stasenudi\vendor\codeigniter4\framework\system\CodeIgniter.php(339): CodeIgniter\CodeIgniter->handleRequest(NULL, Object(Config\Cache), false)
#3 C:\xampp\htdocs\stasenudi\public\index.php(36): CodeIgniter\CodeIgniter->run()
#4 C:\xampp\htdocs\stasenudi\vendor\codeigniter4\framework\system\Commands\Server\rewrite.php(45): require_once('C:\\xampp\\htdocs...')
#5 {main}
CRITICAL - 2021-06-03 07:01:31 --> Too few arguments to function App\Controllers\Guest::showUserAds(), 0 passed in C:\xampp\htdocs\stasenudi\vendor\codeigniter4\framework\system\CodeIgniter.php on line 931 and exactly 1 expected
#0 C:\xampp\htdocs\stasenudi\vendor\codeigniter4\framework\system\CodeIgniter.php(931): App\Controllers\Guest->showUserAds()
#1 C:\xampp\htdocs\stasenudi\vendor\codeigniter4\framework\system\CodeIgniter.php(439): CodeIgniter\CodeIgniter->runController(Object(App\Controllers\Guest))
#2 C:\xampp\htdocs\stasenudi\vendor\codeigniter4\framework\system\CodeIgniter.php(339): CodeIgniter\CodeIgniter->handleRequest(NULL, Object(Config\Cache), false)
#3 C:\xampp\htdocs\stasenudi\public\index.php(36): CodeIgniter\CodeIgniter->run()
#4 C:\xampp\htdocs\stasenudi\vendor\codeigniter4\framework\system\Commands\Server\rewrite.php(45): require_once('C:\\xampp\\htdocs...')
#5 {main}
CRITICAL - 2021-06-03 07:01:40 --> Too few arguments to function App\Controllers\Guest::showUserAds(), 0 passed in C:\xampp\htdocs\stasenudi\vendor\codeigniter4\framework\system\CodeIgniter.php on line 931 and exactly 1 expected
#0 C:\xampp\htdocs\stasenudi\vendor\codeigniter4\framework\system\CodeIgniter.php(931): App\Controllers\Guest->showUserAds()
#1 C:\xampp\htdocs\stasenudi\vendor\codeigniter4\framework\system\CodeIgniter.php(439): CodeIgniter\CodeIgniter->runController(Object(App\Controllers\Guest))
#2 C:\xampp\htdocs\stasenudi\vendor\codeigniter4\framework\system\CodeIgniter.php(339): CodeIgniter\CodeIgniter->handleRequest(NULL, Object(Config\Cache), false)
#3 C:\xampp\htdocs\stasenudi\public\index.php(36): CodeIgniter\CodeIgniter->run()
#4 C:\xampp\htdocs\stasenudi\vendor\codeigniter4\framework\system\Commands\Server\rewrite.php(45): require_once('C:\\xampp\\htdocs...')
#5 {main}
CRITICAL - 2021-06-03 07:14:25 --> Too few arguments to function App\Controllers\Guest::showUserAds(), 1 passed in C:\xampp\htdocs\stasenudi\vendor\codeigniter4\framework\system\CodeIgniter.php on line 931 and exactly 2 expected
#0 C:\xampp\htdocs\stasenudi\vendor\codeigniter4\framework\system\CodeIgniter.php(931): App\Controllers\Guest->showUserAds('16&')
#1 C:\xampp\htdocs\stasenudi\vendor\codeigniter4\framework\system\CodeIgniter.php(439): CodeIgniter\CodeIgniter->runController(Object(App\Controllers\Guest))
#2 C:\xampp\htdocs\stasenudi\vendor\codeigniter4\framework\system\CodeIgniter.php(339): CodeIgniter\CodeIgniter->handleRequest(NULL, Object(Config\Cache), false)
#3 C:\xampp\htdocs\stasenudi\public\index.php(36): CodeIgniter\CodeIgniter->run()
#4 C:\xampp\htdocs\stasenudi\vendor\codeigniter4\framework\system\Commands\Server\rewrite.php(45): require_once('C:\\xampp\\htdocs...')
#5 {main}
CRITICAL - 2021-06-03 07:14:27 --> Too few arguments to function App\Controllers\Guest::showUserAds(), 1 passed in C:\xampp\htdocs\stasenudi\vendor\codeigniter4\framework\system\CodeIgniter.php on line 931 and exactly 2 expected
#0 C:\xampp\htdocs\stasenudi\vendor\codeigniter4\framework\system\CodeIgniter.php(931): App\Controllers\Guest->showUserAds('16&')
#1 C:\xampp\htdocs\stasenudi\vendor\codeigniter4\framework\system\CodeIgniter.php(439): CodeIgniter\CodeIgniter->runController(Object(App\Controllers\Guest))
#2 C:\xampp\htdocs\stasenudi\vendor\codeigniter4\framework\system\CodeIgniter.php(339): CodeIgniter\CodeIgniter->handleRequest(NULL, Object(Config\Cache), false)
#3 C:\xampp\htdocs\stasenudi\public\index.php(36): CodeIgniter\CodeIgniter->run()
#4 C:\xampp\htdocs\stasenudi\vendor\codeigniter4\framework\system\Commands\Server\rewrite.php(45): require_once('C:\\xampp\\htdocs...')
#5 {main}
CRITICAL - 2021-06-03 07:14:35 --> Too few arguments to function App\Controllers\Guest::showUserAds(), 1 passed in C:\xampp\htdocs\stasenudi\vendor\codeigniter4\framework\system\CodeIgniter.php on line 931 and exactly 2 expected
#0 C:\xampp\htdocs\stasenudi\vendor\codeigniter4\framework\system\CodeIgniter.php(931): App\Controllers\Guest->showUserAds('16&')
#1 C:\xampp\htdocs\stasenudi\vendor\codeigniter4\framework\system\CodeIgniter.php(439): CodeIgniter\CodeIgniter->runController(Object(App\Controllers\Guest))
#2 C:\xampp\htdocs\stasenudi\vendor\codeigniter4\framework\system\CodeIgniter.php(339): CodeIgniter\CodeIgniter->handleRequest(NULL, Object(Config\Cache), false)
#3 C:\xampp\htdocs\stasenudi\public\index.php(36): CodeIgniter\CodeIgniter->run()
#4 C:\xampp\htdocs\stasenudi\vendor\codeigniter4\framework\system\Commands\Server\rewrite.php(45): require_once('C:\\xampp\\htdocs...')
#5 {main}
CRITICAL - 2021-06-03 07:14:39 --> Too few arguments to function App\Controllers\Guest::showUserAds(), 1 passed in C:\xampp\htdocs\stasenudi\vendor\codeigniter4\framework\system\CodeIgniter.php on line 931 and exactly 2 expected
#0 C:\xampp\htdocs\stasenudi\vendor\codeigniter4\framework\system\CodeIgniter.php(931): App\Controllers\Guest->showUserAds('16&')
#1 C:\xampp\htdocs\stasenudi\vendor\codeigniter4\framework\system\CodeIgniter.php(439): CodeIgniter\CodeIgniter->runController(Object(App\Controllers\Guest))
#2 C:\xampp\htdocs\stasenudi\vendor\codeigniter4\framework\system\CodeIgniter.php(339): CodeIgniter\CodeIgniter->handleRequest(NULL, Object(Config\Cache), false)
#3 C:\xampp\htdocs\stasenudi\public\index.php(36): CodeIgniter\CodeIgniter->run()
#4 C:\xampp\htdocs\stasenudi\vendor\codeigniter4\framework\system\Commands\Server\rewrite.php(45): require_once('C:\\xampp\\htdocs...')
#5 {main}
CRITICAL - 2021-06-03 07:14:57 --> Too few arguments to function App\Controllers\Guest::showUserAds(), 1 passed in C:\xampp\htdocs\stasenudi\vendor\codeigniter4\framework\system\CodeIgniter.php on line 931 and exactly 2 expected
#0 C:\xampp\htdocs\stasenudi\vendor\codeigniter4\framework\system\CodeIgniter.php(931): App\Controllers\Guest->showUserAds('16&')
#1 C:\xampp\htdocs\stasenudi\vendor\codeigniter4\framework\system\CodeIgniter.php(439): CodeIgniter\CodeIgniter->runController(Object(App\Controllers\Guest))
#2 C:\xampp\htdocs\stasenudi\vendor\codeigniter4\framework\system\CodeIgniter.php(339): CodeIgniter\CodeIgniter->handleRequest(NULL, Object(Config\Cache), false)
#3 C:\xampp\htdocs\stasenudi\public\index.php(36): CodeIgniter\CodeIgniter->run()
#4 C:\xampp\htdocs\stasenudi\vendor\codeigniter4\framework\system\Commands\Server\rewrite.php(45): require_once('C:\\xampp\\htdocs...')
#5 {main}
CRITICAL - 2021-06-03 07:18:52 --> Class 'App\Controllers\UserMode' not found
#0 C:\xampp\htdocs\stasenudi\vendor\codeigniter4\framework\system\CodeIgniter.php(931): App\Controllers\Guest->showUserAds('16')
#1 C:\xampp\htdocs\stasenudi\vendor\codeigniter4\framework\system\CodeIgniter.php(439): CodeIgniter\CodeIgniter->runController(Object(App\Controllers\Guest))
#2 C:\xampp\htdocs\stasenudi\vendor\codeigniter4\framework\system\CodeIgniter.php(339): CodeIgniter\CodeIgniter->handleRequest(NULL, Object(Config\Cache), false)
#3 C:\xampp\htdocs\stasenudi\public\index.php(36): CodeIgniter\CodeIgniter->run()
#4 C:\xampp\htdocs\stasenudi\vendor\codeigniter4\framework\system\Commands\Server\rewrite.php(45): require_once('C:\\xampp\\htdocs...')
#5 {main}
CRITICAL - 2021-06-03 07:18:57 --> Class 'App\Controllers\UserMode' not found
#0 C:\xampp\htdocs\stasenudi\vendor\codeigniter4\framework\system\CodeIgniter.php(931): App\Controllers\Guest->showUserAds('16')
#1 C:\xampp\htdocs\stasenudi\vendor\codeigniter4\framework\system\CodeIgniter.php(439): CodeIgniter\CodeIgniter->runController(Object(App\Controllers\Guest))
#2 C:\xampp\htdocs\stasenudi\vendor\codeigniter4\framework\system\CodeIgniter.php(339): CodeIgniter\CodeIgniter->handleRequest(NULL, Object(Config\Cache), false)
#3 C:\xampp\htdocs\stasenudi\public\index.php(36): CodeIgniter\CodeIgniter->run()
#4 C:\xampp\htdocs\stasenudi\vendor\codeigniter4\framework\system\Commands\Server\rewrite.php(45): require_once('C:\\xampp\\htdocs...')
#5 {main}
CRITICAL - 2021-06-03 08:08:01 --> Too few arguments to function App\Controllers\Guest::getAd(), 0 passed in C:\xampp\htdocs\stasenudi\vendor\codeigniter4\framework\system\CodeIgniter.php on line 931 and exactly 1 expected
#0 C:\xampp\htdocs\stasenudi\vendor\codeigniter4\framework\system\CodeIgniter.php(931): App\Controllers\Guest->getAd()
#1 C:\xampp\htdocs\stasenudi\vendor\codeigniter4\framework\system\CodeIgniter.php(439): CodeIgniter\CodeIgniter->runController(Object(App\Controllers\Guest))
#2 C:\xampp\htdocs\stasenudi\vendor\codeigniter4\framework\system\CodeIgniter.php(339): CodeIgniter\CodeIgniter->handleRequest(NULL, Object(Config\Cache), false)
#3 C:\xampp\htdocs\stasenudi\public\index.php(36): CodeIgniter\CodeIgniter->run()
#4 C:\xampp\htdocs\stasenudi\vendor\codeigniter4\framework\system\Commands\Server\rewrite.php(45): require_once('C:\\xampp\\htdocs...')
#5 {main}
ERROR - 2021-06-03 11:24:13 --> Table 'stasenudi.users' doesn't exist
CRITICAL - 2021-06-03 11:24:13 --> Call to a member function getFirstRow() on bool
#0 C:\xampp\htdocs\stasenudi\vendor\codeigniter4\framework\system\BaseModel.php(644): CodeIgniter\Model->doFirst()
#1 C:\xampp\htdocs\stasenudi\app\Controllers\Guest.php(126): CodeIgniter\BaseModel->first()
#2 C:\xampp\htdocs\stasenudi\vendor\codeigniter4\framework\system\CodeIgniter.php(931): App\Controllers\Guest->loginSubmit()
#3 C:\xampp\htdocs\stasenudi\vendor\codeigniter4\framework\system\CodeIgniter.php(439): CodeIgniter\CodeIgniter->runController(Object(App\Controllers\Guest))
#4 C:\xampp\htdocs\stasenudi\vendor\codeigniter4\framework\system\CodeIgniter.php(339): CodeIgniter\CodeIgniter->handleRequest(NULL, Object(Config\Cache), false)
#5 C:\xampp\htdocs\stasenudi\public\index.php(36): CodeIgniter\CodeIgniter->run()
#6 C:\xampp\htdocs\stasenudi\vendor\codeigniter4\framework\system\Commands\Server\rewrite.php(45): require_once('C:\\xampp\\htdocs...')
#7 {main}
ERROR - 2021-06-03 11:51:29 --> Table 'stasenudi2.korisnici' doesn't exist
CRITICAL - 2021-06-03 11:51:29 --> Call to a member function getFirstRow() on bool
#0 C:\xampp\htdocs\stasenudi\vendor\codeigniter4\framework\system\BaseModel.php(644): CodeIgniter\Model->doFirst()
#1 C:\xampp\htdocs\stasenudi\app\Controllers\Guest.php(78): CodeIgniter\BaseModel->first()
#2 C:\xampp\htdocs\stasenudi\vendor\codeigniter4\framework\system\CodeIgniter.php(931): App\Controllers\Guest->getAd('2')
#3 C:\xampp\htdocs\stasenudi\vendor\codeigniter4\framework\system\CodeIgniter.php(439): CodeIgniter\CodeIgniter->runController(Object(App\Controllers\Guest))
#4 C:\xampp\htdocs\stasenudi\vendor\codeigniter4\framework\system\CodeIgniter.php(339): CodeIgniter\CodeIgniter->handleRequest(NULL, Object(Config\Cache), false)
#5 C:\xampp\htdocs\stasenudi\public\index.php(36): CodeIgniter\CodeIgniter->run()
#6 C:\xampp\htdocs\stasenudi\vendor\codeigniter4\framework\system\Commands\Server\rewrite.php(45): require_once('C:\\xampp\\htdocs...')
#7 {main}
ERROR - 2021-06-03 11:56:31 --> Table 'stasenudi2.korisnici' doesn't exist
CRITICAL - 2021-06-03 11:56:31 --> Call to a member function getFirstRow() on bool
#0 C:\xampp\htdocs\stasenudi\vendor\codeigniter4\framework\system\BaseModel.php(644): CodeIgniter\Model->doFirst()
#1 C:\xampp\htdocs\stasenudi\app\Controllers\Guest.php(78): CodeIgniter\BaseModel->first()
#2 C:\xampp\htdocs\stasenudi\vendor\codeigniter4\framework\system\CodeIgniter.php(931): App\Controllers\Guest->getAd('2')
#3 C:\xampp\htdocs\stasenudi\vendor\codeigniter4\framework\system\CodeIgniter.php(439): CodeIgniter\CodeIgniter->runController(Object(App\Controllers\Guest))
#4 C:\xampp\htdocs\stasenudi\vendor\codeigniter4\framework\system\CodeIgniter.php(339): CodeIgniter\CodeIgniter->handleRequest(NULL, Object(Config\Cache), false)
#5 C:\xampp\htdocs\stasenudi\public\index.php(36): CodeIgniter\CodeIgniter->run()
#6 C:\xampp\htdocs\stasenudi\vendor\codeigniter4\framework\system\Commands\Server\rewrite.php(45): require_once('C:\\xampp\\htdocs...')
#7 {main}
ERROR - 2021-06-03 11:58:06 --> Table 'stasenudi2.korisnici' doesn't exist
CRITICAL - 2021-06-03 11:58:06 --> Call to a member function getFirstRow() on bool
#0 C:\xampp\htdocs\stasenudi\vendor\codeigniter4\framework\system\BaseModel.php(644): CodeIgniter\Model->doFirst()
#1 C:\xampp\htdocs\stasenudi\app\Controllers\Guest.php(78): CodeIgniter\BaseModel->first()
#2 C:\xampp\htdocs\stasenudi\vendor\codeigniter4\framework\system\CodeIgniter.php(931): App\Controllers\Guest->getAd('2')
#3 C:\xampp\htdocs\stasenudi\vendor\codeigniter4\framework\system\CodeIgniter.php(439): CodeIgniter\CodeIgniter->runController(Object(App\Controllers\Guest))
#4 C:\xampp\htdocs\stasenudi\vendor\codeigniter4\framework\system\CodeIgniter.php(339): CodeIgniter\CodeIgniter->handleRequest(NULL, Object(Config\Cache), false)
#5 C:\xampp\htdocs\stasenudi\public\index.php(36): CodeIgniter\CodeIgniter->run()
#6 C:\xampp\htdocs\stasenudi\vendor\codeigniter4\framework\system\Commands\Server\rewrite.php(45): require_once('C:\\xampp\\htdocs...')
#7 {main}
ERROR - 2021-06-03 11:58:13 --> Table 'stasenudi2.korisnici' doesn't exist
CRITICAL - 2021-06-03 11:58:13 --> Call to a member function getFirstRow() on bool
#0 C:\xampp\htdocs\stasenudi\vendor\codeigniter4\framework\system\BaseModel.php(644): CodeIgniter\Model->doFirst()
#1 C:\xampp\htdocs\stasenudi\app\Controllers\Guest.php(78): CodeIgniter\BaseModel->first()
#2 C:\xampp\htdocs\stasenudi\vendor\codeigniter4\framework\system\CodeIgniter.php(931): App\Controllers\Guest->getAd('2')
#3 C:\xampp\htdocs\stasenudi\vendor\codeigniter4\framework\system\CodeIgniter.php(439): CodeIgniter\CodeIgniter->runController(Object(App\Controllers\Guest))
#4 C:\xampp\htdocs\stasenudi\vendor\codeigniter4\framework\system\CodeIgniter.php(339): CodeIgniter\CodeIgniter->handleRequest(NULL, Object(Config\Cache), false)
#5 C:\xampp\htdocs\stasenudi\public\index.php(36): CodeIgniter\CodeIgniter->run()
#6 C:\xampp\htdocs\stasenudi\vendor\codeigniter4\framework\system\Commands\Server\rewrite.php(45): require_once('C:\\xampp\\htdocs...')
#7 {main}
ERROR - 2021-06-03 12:00:29 --> Table 'stasenudi2.korisnici' doesn't exist
CRITICAL - 2021-06-03 12:00:29 --> Call to a member function getFirstRow() on bool
#0 C:\xampp\htdocs\stasenudi\vendor\codeigniter4\framework\system\BaseModel.php(644): CodeIgniter\Model->doFirst()
#1 C:\xampp\htdocs\stasenudi\app\Controllers\Guest.php(79): CodeIgniter\BaseModel->first()
#2 C:\xampp\htdocs\stasenudi\vendor\codeigniter4\framework\system\CodeIgniter.php(931): App\Controllers\Guest->getAd('2')
#3 C:\xampp\htdocs\stasenudi\vendor\codeigniter4\framework\system\CodeIgniter.php(439): CodeIgniter\CodeIgniter->runController(Object(App\Controllers\Guest))
#4 C:\xampp\htdocs\stasenudi\vendor\codeigniter4\framework\system\CodeIgniter.php(339): CodeIgniter\CodeIgniter->handleRequest(NULL, Object(Config\Cache), false)
#5 C:\xampp\htdocs\stasenudi\public\index.php(36): CodeIgniter\CodeIgniter->run()
#6 C:\xampp\htdocs\stasenudi\vendor\codeigniter4\framework\system\Commands\Server\rewrite.php(45): require_once('C:\\xampp\\htdocs...')
#7 {main}
CRITICAL - 2021-06-03 12:01:04 --> Object of class App\Models\AdModel could not be converted to string
#0 C:\xampp\htdocs\stasenudi\app\Controllers\Guest.php(78): CodeIgniter\Debug\Exceptions->errorHandler(4096, 'Object of class...', 'C:\\xampp\\htdocs...', 78, Array)
#1 C:\xampp\htdocs\stasenudi\vendor\codeigniter4\framework\system\CodeIgniter.php(931): App\Controllers\Guest->getAd('2')
#2 C:\xampp\htdocs\stasenudi\vendor\codeigniter4\framework\system\CodeIgniter.php(439): CodeIgniter\CodeIgniter->runController(Object(App\Controllers\Guest))
#3 C:\xampp\htdocs\stasenudi\vendor\codeigniter4\framework\system\CodeIgniter.php(339): CodeIgniter\CodeIgniter->handleRequest(NULL, Object(Config\Cache), false)
#4 C:\xampp\htdocs\stasenudi\public\index.php(36): CodeIgniter\CodeIgniter->run()
#5 C:\xampp\htdocs\stasenudi\vendor\codeigniter4\framework\system\Commands\Server\rewrite.php(45): require_once('C:\\xampp\\htdocs...')
#6 {main}
ERROR - 2021-06-03 12:06:48 --> Table 'stasenudi2.korisnici' doesn't exist
CRITICAL - 2021-06-03 12:06:48 --> Call to a member function getFirstRow() on bool
#0 C:\xampp\htdocs\stasenudi\vendor\codeigniter4\framework\system\BaseModel.php(644): CodeIgniter\Model->doFirst()
#1 C:\xampp\htdocs\stasenudi\app\Controllers\Guest.php(80): CodeIgniter\BaseModel->first()
#2 C:\xampp\htdocs\stasenudi\vendor\codeigniter4\framework\system\CodeIgniter.php(931): App\Controllers\Guest->getAd('2')
#3 C:\xampp\htdocs\stasenudi\vendor\codeigniter4\framework\system\CodeIgniter.php(439): CodeIgniter\CodeIgniter->runController(Object(App\Controllers\Guest))
#4 C:\xampp\htdocs\stasenudi\vendor\codeigniter4\framework\system\CodeIgniter.php(339): CodeIgniter\CodeIgniter->handleRequest(NULL, Object(Config\Cache), false)
#5 C:\xampp\htdocs\stasenudi\public\index.php(36): CodeIgniter\CodeIgniter->run()
#6 C:\xampp\htdocs\stasenudi\vendor\codeigniter4\framework\system\Commands\Server\rewrite.php(45): require_once('C:\\xampp\\htdocs...')
#7 {main}
CRITICAL - 2021-06-03 12:22:49 --> Call to undefined method App\Models\AdModel::or_like
#0 C:\xampp\htdocs\stasenudi\app\Models\AdModel.php(18): CodeIgniter\Model->__call('or_like', Array)
#1 C:\xampp\htdocs\stasenudi\app\Controllers\Guest.php(100): App\Models\AdModel->search('s20')
#2 C:\xampp\htdocs\stasenudi\vendor\codeigniter4\framework\system\CodeIgniter.php(931): App\Controllers\Guest->search()
#3 C:\xampp\htdocs\stasenudi\vendor\codeigniter4\framework\system\CodeIgniter.php(439): CodeIgniter\CodeIgniter->runController(Object(App\Controllers\Guest))
#4 C:\xampp\htdocs\stasenudi\vendor\codeigniter4\framework\system\CodeIgniter.php(339): CodeIgniter\CodeIgniter->handleRequest(NULL, Object(Config\Cache), false)
#5 C:\xampp\htdocs\stasenudi\public\index.php(36): CodeIgniter\CodeIgniter->run()
#6 C:\xampp\htdocs\stasenudi\vendor\codeigniter4\framework\system\Commands\Server\rewrite.php(45): require_once('C:\\xampp\\htdocs...')
#7 {main}
CRITICAL - 2021-06-03 12:24:51 --> Call to undefined method App\Models\AdModel::or_like
#0 C:\xampp\htdocs\stasenudi\app\Models\AdModel.php(19): CodeIgniter\Model->__call('or_like', Array)
#1 C:\xampp\htdocs\stasenudi\app\Controllers\Guest.php(100): App\Models\AdModel->search('s20')
#2 C:\xampp\htdocs\stasenudi\vendor\codeigniter4\framework\system\CodeIgniter.php(931): App\Controllers\Guest->search()
#3 C:\xampp\htdocs\stasenudi\vendor\codeigniter4\framework\system\CodeIgniter.php(439): CodeIgniter\CodeIgniter->runController(Object(App\Controllers\Guest))
#4 C:\xampp\htdocs\stasenudi\vendor\codeigniter4\framework\system\CodeIgniter.php(339): CodeIgniter\CodeIgniter->handleRequest(NULL, Object(Config\Cache), false)
#5 C:\xampp\htdocs\stasenudi\public\index.php(36): CodeIgniter\CodeIgniter->run()
#6 C:\xampp\htdocs\stasenudi\vendor\codeigniter4\framework\system\Commands\Server\rewrite.php(45): require_once('C:\\xampp\\htdocs...')
#7 {main}
CRITICAL - 2021-06-03 12:26:09 --> Call to undefined method App\Models\AdModel::or_like
#0 C:\xampp\htdocs\stasenudi\app\Models\AdModel.php(19): CodeIgniter\Model->__call('or_like', Array)
#1 C:\xampp\htdocs\stasenudi\app\Controllers\Guest.php(100): App\Models\AdModel->search('s20')
#2 C:\xampp\htdocs\stasenudi\vendor\codeigniter4\framework\system\CodeIgniter.php(931): App\Controllers\Guest->search()
#3 C:\xampp\htdocs\stasenudi\vendor\codeigniter4\framework\system\CodeIgniter.php(439): CodeIgniter\CodeIgniter->runController(Object(App\Controllers\Guest))
#4 C:\xampp\htdocs\stasenudi\vendor\codeigniter4\framework\system\CodeIgniter.php(339): CodeIgniter\CodeIgniter->handleRequest(NULL, Object(Config\Cache), false)
#5 C:\xampp\htdocs\stasenudi\public\index.php(36): CodeIgniter\CodeIgniter->run()
#6 C:\xampp\htdocs\stasenudi\vendor\codeigniter4\framework\system\Commands\Server\rewrite.php(45): require_once('C:\\xampp\\htdocs...')
#7 {main}
CRITICAL - 2021-06-03 12:27:44 --> Call to undefined method App\Models\AdModel::or_like
#0 C:\xampp\htdocs\stasenudi\app\Models\AdModel.php(19): CodeIgniter\Model->__call('or_like', Array)
#1 C:\xampp\htdocs\stasenudi\app\Controllers\Guest.php(101): App\Models\AdModel->search('s20')
#2 C:\xampp\htdocs\stasenudi\vendor\codeigniter4\framework\system\CodeIgniter.php(931): App\Controllers\Guest->search()
#3 C:\xampp\htdocs\stasenudi\vendor\codeigniter4\framework\system\CodeIgniter.php(439): CodeIgniter\CodeIgniter->runController(Object(App\Controllers\Guest))
#4 C:\xampp\htdocs\stasenudi\vendor\codeigniter4\framework\system\CodeIgniter.php(339): CodeIgniter\CodeIgniter->handleRequest(NULL, Object(Config\Cache), false)
#5 C:\xampp\htdocs\stasenudi\public\index.php(36): CodeIgniter\CodeIgniter->run()
#6 C:\xampp\htdocs\stasenudi\vendor\codeigniter4\framework\system\Commands\Server\rewrite.php(45): require_once('C:\\xampp\\htdocs...')
#7 {main}
ERROR - 2021-06-03 12:30:04 --> Table 'stasenudi2.korisnici' doesn't exist
CRITICAL - 2021-06-03 12:30:04 --> Call to a member function getFirstRow() on bool
#0 C:\xampp\htdocs\stasenudi\vendor\codeigniter4\framework\system\BaseModel.php(644): CodeIgniter\Model->doFirst()
#1 C:\xampp\htdocs\stasenudi\app\Controllers\Guest.php(78): CodeIgniter\BaseModel->first()
#2 C:\xampp\htdocs\stasenudi\vendor\codeigniter4\framework\system\CodeIgniter.php(931): App\Controllers\Guest->getAd('2')
#3 C:\xampp\htdocs\stasenudi\vendor\codeigniter4\framework\system\CodeIgniter.php(439): CodeIgniter\CodeIgniter->runController(Object(App\Controllers\Guest))
#4 C:\xampp\htdocs\stasenudi\vendor\codeigniter4\framework\system\CodeIgniter.php(339): CodeIgniter\CodeIgniter->handleRequest(NULL, Object(Config\Cache), false)
#5 C:\xampp\htdocs\stasenudi\public\index.php(36): CodeIgniter\CodeIgniter->run()
#6 C:\xampp\htdocs\stasenudi\vendor\codeigniter4\framework\system\Commands\Server\rewrite.php(45): require_once('C:\\xampp\\htdocs...')
#7 {main}
ERROR - 2021-06-03 12:30:27 --> Table 'stasenudi2.korisnici' doesn't exist
CRITICAL - 2021-06-03 12:30:27 --> Call to a member function getFirstRow() on bool
#0 C:\xampp\htdocs\stasenudi\vendor\codeigniter4\framework\system\BaseModel.php(644): CodeIgniter\Model->doFirst()
#1 C:\xampp\htdocs\stasenudi\app\Controllers\Guest.php(123): CodeIgniter\BaseModel->first()
#2 C:\xampp\htdocs\stasenudi\vendor\codeigniter4\framework\system\CodeIgniter.php(931): App\Controllers\Guest->loginSubmit()
#3 C:\xampp\htdocs\stasenudi\vendor\codeigniter4\framework\system\CodeIgniter.php(439): CodeIgniter\CodeIgniter->runController(Object(App\Controllers\Guest))
#4 C:\xampp\htdocs\stasenudi\vendor\codeigniter4\framework\system\CodeIgniter.php(339): CodeIgniter\CodeIgniter->handleRequest(NULL, Object(Config\Cache), false)
#5 C:\xampp\htdocs\stasenudi\public\index.php(36): CodeIgniter\CodeIgniter->run()
#6 C:\xampp\htdocs\stasenudi\vendor\codeigniter4\framework\system\Commands\Server\rewrite.php(45): require_once('C:\\xampp\\htdocs...')
#7 {main}
ERROR - 2021-06-03 12:30:43 --> Table 'stasenudi2.korisnici' doesn't exist
CRITICAL - 2021-06-03 12:30:43 --> Call to a member function getFirstRow() on bool
#0 C:\xampp\htdocs\stasenudi\vendor\codeigniter4\framework\system\BaseModel.php(644): CodeIgniter\Model->doFirst()
#1 C:\xampp\htdocs\stasenudi\app\Controllers\Guest.php(78): CodeIgniter\BaseModel->first()
#2 C:\xampp\htdocs\stasenudi\vendor\codeigniter4\framework\system\CodeIgniter.php(931): App\Controllers\Guest->getAd('2')
#3 C:\xampp\htdocs\stasenudi\vendor\codeigniter4\framework\system\CodeIgniter.php(439): CodeIgniter\CodeIgniter->runController(Object(App\Controllers\Guest))
#4 C:\xampp\htdocs\stasenudi\vendor\codeigniter4\framework\system\CodeIgniter.php(339): CodeIgniter\CodeIgniter->handleRequest(NULL, Object(Config\Cache), false)
#5 C:\xampp\htdocs\stasenudi\public\index.php(36): CodeIgniter\CodeIgniter->run()
#6 C:\xampp\htdocs\stasenudi\vendor\codeigniter4\framework\system\Commands\Server\rewrite.php(45): require_once('C:\\xampp\\htdocs...')
#7 {main}
CRITICAL - 2021-06-03 12:43:51 --> Too few arguments to function App\Controllers\Guest::searchCategory(), 0 passed in C:\xampp\htdocs\stasenudi\vendor\codeigniter4\framework\system\CodeIgniter.php on line 931 and exactly 1 expected
#0 C:\xampp\htdocs\stasenudi\vendor\codeigniter4\framework\system\CodeIgniter.php(931): App\Controllers\Guest->searchCategory()
#1 C:\xampp\htdocs\stasenudi\vendor\codeigniter4\framework\system\CodeIgniter.php(439): CodeIgniter\CodeIgniter->runController(Object(App\Controllers\Guest))
#2 C:\xampp\htdocs\stasenudi\vendor\codeigniter4\framework\system\CodeIgniter.php(339): CodeIgniter\CodeIgniter->handleRequest(NULL, Object(Config\Cache), false)
#3 C:\xampp\htdocs\stasenudi\public\index.php(36): CodeIgniter\CodeIgniter->run()
#4 C:\xampp\htdocs\stasenudi\vendor\codeigniter4\framework\system\Commands\Server\rewrite.php(45): require_once('C:\\xampp\\htdocs...')
#5 {main}
CRITICAL - 2021-06-03 12:46:13 --> Too few arguments to function App\Controllers\Guest::searchCategory(), 0 passed in C:\xampp\htdocs\stasenudi\vendor\codeigniter4\framework\system\CodeIgniter.php on line 931 and exactly 1 expected
#0 C:\xampp\htdocs\stasenudi\vendor\codeigniter4\framework\system\CodeIgniter.php(931): App\Controllers\Guest->searchCategory()
#1 C:\xampp\htdocs\stasenudi\vendor\codeigniter4\framework\system\CodeIgniter.php(439): CodeIgniter\CodeIgniter->runController(Object(App\Controllers\Guest))
#2 C:\xampp\htdocs\stasenudi\vendor\codeigniter4\framework\system\CodeIgniter.php(339): CodeIgniter\CodeIgniter->handleRequest(NULL, Object(Config\Cache), false)
#3 C:\xampp\htdocs\stasenudi\public\index.php(36): CodeIgniter\CodeIgniter->run()
#4 C:\xampp\htdocs\stasenudi\vendor\codeigniter4\framework\system\Commands\Server\rewrite.php(45): require_once('C:\\xampp\\htdocs...')
#5 {main}
CRITICAL - 2021-06-03 12:46:18 --> Too few arguments to function App\Controllers\Guest::searchCategory(), 0 passed in C:\xampp\htdocs\stasenudi\vendor\codeigniter4\framework\system\CodeIgniter.php on line 931 and exactly 1 expected
#0 C:\xampp\htdocs\stasenudi\vendor\codeigniter4\framework\system\CodeIgniter.php(931): App\Controllers\Guest->searchCategory()
#1 C:\xampp\htdocs\stasenudi\vendor\codeigniter4\framework\system\CodeIgniter.php(439): CodeIgniter\CodeIgniter->runController(Object(App\Controllers\Guest))
#2 C:\xampp\htdocs\stasenudi\vendor\codeigniter4\framework\system\CodeIgniter.php(339): CodeIgniter\CodeIgniter->handleRequest(NULL, Object(Config\Cache), false)
#3 C:\xampp\htdocs\stasenudi\public\index.php(36): CodeIgniter\CodeIgniter->run()
#4 C:\xampp\htdocs\stasenudi\vendor\codeigniter4\framework\system\Commands\Server\rewrite.php(45): require_once('C:\\xampp\\htdocs...')
#5 {main}
CRITICAL - 2021-06-03 12:46:21 --> Too few arguments to function App\Controllers\Guest::searchCategory(), 0 passed in C:\xampp\htdocs\stasenudi\vendor\codeigniter4\framework\system\CodeIgniter.php on line 931 and exactly 1 expected
#0 C:\xampp\htdocs\stasenudi\vendor\codeigniter4\framework\system\CodeIgniter.php(931): App\Controllers\Guest->searchCategory()
#1 C:\xampp\htdocs\stasenudi\vendor\codeigniter4\framework\system\CodeIgniter.php(439): CodeIgniter\CodeIgniter->runController(Object(App\Controllers\Guest))
#2 C:\xampp\htdocs\stasenudi\vendor\codeigniter4\framework\system\CodeIgniter.php(339): CodeIgniter\CodeIgniter->handleRequest(NULL, Object(Config\Cache), false)
#3 C:\xampp\htdocs\stasenudi\public\index.php(36): CodeIgniter\CodeIgniter->run()
#4 C:\xampp\htdocs\stasenudi\vendor\codeigniter4\framework\system\Commands\Server\rewrite.php(45): require_once('C:\\xampp\\htdocs...')
#5 {main}
CRITICAL - 2021-06-03 12:46:27 --> Too few arguments to function App\Controllers\Guest::searchCategory(), 0 passed in C:\xampp\htdocs\stasenudi\vendor\codeigniter4\framework\system\CodeIgniter.php on line 931 and exactly 1 expected
#0 C:\xampp\htdocs\stasenudi\vendor\codeigniter4\framework\system\CodeIgniter.php(931): App\Controllers\Guest->searchCategory()
#1 C:\xampp\htdocs\stasenudi\vendor\codeigniter4\framework\system\CodeIgniter.php(439): CodeIgniter\CodeIgniter->runController(Object(App\Controllers\Guest))
#2 C:\xampp\htdocs\stasenudi\vendor\codeigniter4\framework\system\CodeIgniter.php(339): CodeIgniter\CodeIgniter->handleRequest(NULL, Object(Config\Cache), false)
#3 C:\xampp\htdocs\stasenudi\public\index.php(36): CodeIgniter\CodeIgniter->run()
#4 C:\xampp\htdocs\stasenudi\vendor\codeigniter4\framework\system\Commands\Server\rewrite.php(45): require_once('C:\\xampp\\htdocs...')
#5 {main}
CRITICAL - 2021-06-03 13:06:22 --> Call to a member function like() on array
#0 C:\xampp\htdocs\stasenudi\vendor\codeigniter4\framework\system\CodeIgniter.php(931): App\Controllers\Guest->search()
#1 C:\xampp\htdocs\stasenudi\vendor\codeigniter4\framework\system\CodeIgniter.php(439): CodeIgniter\CodeIgniter->runController(Object(App\Controllers\Guest))
#2 C:\xampp\htdocs\stasenudi\vendor\codeigniter4\framework\system\CodeIgniter.php(339): CodeIgniter\CodeIgniter->handleRequest(NULL, Object(Config\Cache), false)
#3 C:\xampp\htdocs\stasenudi\public\index.php(36): CodeIgniter\CodeIgniter->run()
#4 C:\xampp\htdocs\stasenudi\vendor\codeigniter4\framework\system\Commands\Server\rewrite.php(45): require_once('C:\\xampp\\htdocs...')
#5 {main}
CRITICAL - 2021-06-03 13:06:43 --> Call to a member function like() on array
#0 C:\xampp\htdocs\stasenudi\vendor\codeigniter4\framework\system\CodeIgniter.php(931): App\Controllers\Guest->search()
#1 C:\xampp\htdocs\stasenudi\vendor\codeigniter4\framework\system\CodeIgniter.php(439): CodeIgniter\CodeIgniter->runController(Object(App\Controllers\Guest))
#2 C:\xampp\htdocs\stasenudi\vendor\codeigniter4\framework\system\CodeIgniter.php(339): CodeIgniter\CodeIgniter->handleRequest(NULL, Object(Config\Cache), false)
#3 C:\xampp\htdocs\stasenudi\public\index.php(36): CodeIgniter\CodeIgniter->run()
#4 C:\xampp\htdocs\stasenudi\vendor\codeigniter4\framework\system\Commands\Server\rewrite.php(45): require_once('C:\\xampp\\htdocs...')
#5 {main}
CRITICAL - 2021-06-03 13:07:06 --> Call to a member function like() on array
#0 C:\xampp\htdocs\stasenudi\vendor\codeigniter4\framework\system\CodeIgniter.php(931): App\Controllers\Guest->search()
#1 C:\xampp\htdocs\stasenudi\vendor\codeigniter4\framework\system\CodeIgniter.php(439): CodeIgniter\CodeIgniter->runController(Object(App\Controllers\Guest))
#2 C:\xampp\htdocs\stasenudi\vendor\codeigniter4\framework\system\CodeIgniter.php(339): CodeIgniter\CodeIgniter->handleRequest(NULL, Object(Config\Cache), false)
#3 C:\xampp\htdocs\stasenudi\public\index.php(36): CodeIgniter\CodeIgniter->run()
#4 C:\xampp\htdocs\stasenudi\vendor\codeigniter4\framework\system\Commands\Server\rewrite.php(45): require_once('C:\\xampp\\htdocs...')
#5 {main}
CRITICAL - 2021-06-03 13:07:26 --> Call to a member function like() on array
#0 C:\xampp\htdocs\stasenudi\vendor\codeigniter4\framework\system\CodeIgniter.php(931): App\Controllers\Guest->search()
#1 C:\xampp\htdocs\stasenudi\vendor\codeigniter4\framework\system\CodeIgniter.php(439): CodeIgniter\CodeIgniter->runController(Object(App\Controllers\Guest))
#2 C:\xampp\htdocs\stasenudi\vendor\codeigniter4\framework\system\CodeIgniter.php(339): CodeIgniter\CodeIgniter->handleRequest(NULL, Object(Config\Cache), false)
#3 C:\xampp\htdocs\stasenudi\public\index.php(36): CodeIgniter\CodeIgniter->run()
#4 C:\xampp\htdocs\stasenudi\vendor\codeigniter4\framework\system\Commands\Server\rewrite.php(45): require_once('C:\\xampp\\htdocs...')
#5 {main}
CRITICAL - 2021-06-03 13:07:54 --> Call to a member function like() on array
#0 C:\xampp\htdocs\stasenudi\vendor\codeigniter4\framework\system\CodeIgniter.php(931): App\Controllers\Guest->search()
#1 C:\xampp\htdocs\stasenudi\vendor\codeigniter4\framework\system\CodeIgniter.php(439): CodeIgniter\CodeIgniter->runController(Object(App\Controllers\Guest))
#2 C:\xampp\htdocs\stasenudi\vendor\codeigniter4\framework\system\CodeIgniter.php(339): CodeIgniter\CodeIgniter->handleRequest(NULL, Object(Config\Cache), false)
#3 C:\xampp\htdocs\stasenudi\public\index.php(36): CodeIgniter\CodeIgniter->run()
#4 C:\xampp\htdocs\stasenudi\vendor\codeigniter4\framework\system\Commands\Server\rewrite.php(45): require_once('C:\\xampp\\htdocs...')
#5 {main}
CRITICAL - 2021-06-03 13:08:44 --> Call to a member function like() on array
#0 C:\xampp\htdocs\stasenudi\vendor\codeigniter4\framework\system\CodeIgniter.php(931): App\Controllers\Guest->search()
#1 C:\xampp\htdocs\stasenudi\vendor\codeigniter4\framework\system\CodeIgniter.php(439): CodeIgniter\CodeIgniter->runController(Object(App\Controllers\Guest))
#2 C:\xampp\htdocs\stasenudi\vendor\codeigniter4\framework\system\CodeIgniter.php(339): CodeIgniter\CodeIgniter->handleRequest(NULL, Object(Config\Cache), false)
#3 C:\xampp\htdocs\stasenudi\public\index.php(36): CodeIgniter\CodeIgniter->run()
#4 C:\xampp\htdocs\stasenudi\vendor\codeigniter4\framework\system\Commands\Server\rewrite.php(45): require_once('C:\\xampp\\htdocs...')
#5 {main}
CRITICAL - 2021-06-03 13:10:49 --> Call to a member function like() on array
#0 C:\xampp\htdocs\stasenudi\vendor\codeigniter4\framework\system\CodeIgniter.php(931): App\Controllers\Guest->search()
#1 C:\xampp\htdocs\stasenudi\vendor\codeigniter4\framework\system\CodeIgniter.php(439): CodeIgniter\CodeIgniter->runController(Object(App\Controllers\Guest))
#2 C:\xampp\htdocs\stasenudi\vendor\codeigniter4\framework\system\CodeIgniter.php(339): CodeIgniter\CodeIgniter->handleRequest(NULL, Object(Config\Cache), false)
#3 C:\xampp\htdocs\stasenudi\public\index.php(36): CodeIgniter\CodeIgniter->run()
#4 C:\xampp\htdocs\stasenudi\vendor\codeigniter4\framework\system\Commands\Server\rewrite.php(45): require_once('C:\\xampp\\htdocs...')
#5 {main}
CRITICAL - 2021-06-03 13:11:14 --> Call to a member function like() on array
#0 C:\xampp\htdocs\stasenudi\vendor\codeigniter4\framework\system\CodeIgniter.php(931): App\Controllers\Guest->search()
#1 C:\xampp\htdocs\stasenudi\vendor\codeigniter4\framework\system\CodeIgniter.php(439): CodeIgniter\CodeIgniter->runController(Object(App\Controllers\Guest))
#2 C:\xampp\htdocs\stasenudi\vendor\codeigniter4\framework\system\CodeIgniter.php(339): CodeIgniter\CodeIgniter->handleRequest(NULL, Object(Config\Cache), false)
#3 C:\xampp\htdocs\stasenudi\public\index.php(36): CodeIgniter\CodeIgniter->run()
#4 C:\xampp\htdocs\stasenudi\vendor\codeigniter4\framework\system\Commands\Server\rewrite.php(45): require_once('C:\\xampp\\htdocs...')
#5 {main}
CRITICAL - 2021-06-03 13:12:26 --> Call to a member function like() on array
#0 C:\xampp\htdocs\stasenudi\vendor\codeigniter4\framework\system\CodeIgniter.php(931): App\Controllers\Guest->search()
#1 C:\xampp\htdocs\stasenudi\vendor\codeigniter4\framework\system\CodeIgniter.php(439): CodeIgniter\CodeIgniter->runController(Object(App\Controllers\Guest))
#2 C:\xampp\htdocs\stasenudi\vendor\codeigniter4\framework\system\CodeIgniter.php(339): CodeIgniter\CodeIgniter->handleRequest(NULL, Object(Config\Cache), false)
#3 C:\xampp\htdocs\stasenudi\public\index.php(36): CodeIgniter\CodeIgniter->run()
#4 C:\xampp\htdocs\stasenudi\vendor\codeigniter4\framework\system\Commands\Server\rewrite.php(45): require_once('C:\\xampp\\htdocs...')
#5 {main}
CRITICAL - 2021-06-03 13:32:10 --> Invalid argument supplied for foreach()
#0 C:\xampp\htdocs\stasenudi\app\Views\common\announcements.php(17): CodeIgniter\Debug\Exceptions->errorHandler(2, 'Invalid argumen...', 'C:\\xampp\\htdocs...', 17, Array)
#1 C:\xampp\htdocs\stasenudi\vendor\codeigniter4\framework\system\View\View.php(230): include('C:\\xampp\\htdocs...')
#2 C:\xampp\htdocs\stasenudi\vendor\codeigniter4\framework\system\View\View.php(232): CodeIgniter\View\View->CodeIgniter\View\{closure}()
#3 C:\xampp\htdocs\stasenudi\vendor\codeigniter4\framework\system\Common.php(1250): CodeIgniter\View\View->render('common/announce...', Array, true)
#4 C:\xampp\htdocs\stasenudi\app\Controllers\Guest.php(16): view('common/announce...', Array)
#5 C:\xampp\htdocs\stasenudi\app\Controllers\Guest.php(34): App\Controllers\Guest->show('announcements', Array)
#6 C:\xampp\htdocs\stasenudi\vendor\codeigniter4\framework\system\CodeIgniter.php(931): App\Controllers\Guest->announcements()
#7 C:\xampp\htdocs\stasenudi\vendor\codeigniter4\framework\system\CodeIgniter.php(439): CodeIgniter\CodeIgniter->runController(Object(App\Controllers\Guest))
#8 C:\xampp\htdocs\stasenudi\vendor\codeigniter4\framework\system\CodeIgniter.php(339): CodeIgniter\CodeIgniter->handleRequest(NULL, Object(Config\Cache), false)
#9 C:\xampp\htdocs\stasenudi\public\index.php(36): CodeIgniter\CodeIgniter->run()
#10 C:\xampp\htdocs\stasenudi\vendor\codeigniter4\framework\system\Commands\Server\rewrite.php(45): require_once('C:\\xampp\\htdocs...')
#11 {main}
CRITICAL - 2021-06-03 13:33:04 --> Invalid argument supplied for foreach()
#0 C:\xampp\htdocs\stasenudi\app\Views\common\announcements.php(17): CodeIgniter\Debug\Exceptions->errorHandler(2, 'Invalid argumen...', 'C:\\xampp\\htdocs...', 17, Array)
#1 C:\xampp\htdocs\stasenudi\vendor\codeigniter4\framework\system\View\View.php(230): include('C:\\xampp\\htdocs...')
#2 C:\xampp\htdocs\stasenudi\vendor\codeigniter4\framework\system\View\View.php(232): CodeIgniter\View\View->CodeIgniter\View\{closure}()
#3 C:\xampp\htdocs\stasenudi\vendor\codeigniter4\framework\system\Common.php(1250): CodeIgniter\View\View->render('common/announce...', Array, true)
#4 C:\xampp\htdocs\stasenudi\app\Controllers\Guest.php(16): view('common/announce...', Array)
#5 C:\xampp\htdocs\stasenudi\app\Controllers\Guest.php(34): App\Controllers\Guest->show('announcements', Array)
#6 C:\xampp\htdocs\stasenudi\vendor\codeigniter4\framework\system\CodeIgniter.php(931): App\Controllers\Guest->announcements()
#7 C:\xampp\htdocs\stasenudi\vendor\codeigniter4\framework\system\CodeIgniter.php(439): CodeIgniter\CodeIgniter->runController(Object(App\Controllers\Guest))
#8 C:\xampp\htdocs\stasenudi\vendor\codeigniter4\framework\system\CodeIgniter.php(339): CodeIgniter\CodeIgniter->handleRequest(NULL, Object(Config\Cache), false)
#9 C:\xampp\htdocs\stasenudi\public\index.php(36): CodeIgniter\CodeIgniter->run()
#10 C:\xampp\htdocs\stasenudi\vendor\codeigniter4\framework\system\Commands\Server\rewrite.php(45): require_once('C:\\xampp\\htdocs...')
#11 {main}
CRITICAL - 2021-06-03 13:33:25 --> Invalid argument supplied for foreach()
#0 C:\xampp\htdocs\stasenudi\app\Views\common\announcements.php(17): CodeIgniter\Debug\Exceptions->errorHandler(2, 'Invalid argumen...', 'C:\\xampp\\htdocs...', 17, Array)
#1 C:\xampp\htdocs\stasenudi\vendor\codeigniter4\framework\system\View\View.php(230): include('C:\\xampp\\htdocs...')
#2 C:\xampp\htdocs\stasenudi\vendor\codeigniter4\framework\system\View\View.php(232): CodeIgniter\View\View->CodeIgniter\View\{closure}()
#3 C:\xampp\htdocs\stasenudi\vendor\codeigniter4\framework\system\Common.php(1250): CodeIgniter\View\View->render('common/announce...', Array, true)
#4 C:\xampp\htdocs\stasenudi\app\Controllers\Guest.php(16): view('common/announce...', Array)
#5 C:\xampp\htdocs\stasenudi\app\Controllers\Guest.php(34): App\Controllers\Guest->show('announcements', Array)
#6 C:\xampp\htdocs\stasenudi\vendor\codeigniter4\framework\system\CodeIgniter.php(931): App\Controllers\Guest->announcements()
#7 C:\xampp\htdocs\stasenudi\vendor\codeigniter4\framework\system\CodeIgniter.php(439): CodeIgniter\CodeIgniter->runController(Object(App\Controllers\Guest))
#8 C:\xampp\htdocs\stasenudi\vendor\codeigniter4\framework\system\CodeIgniter.php(339): CodeIgniter\CodeIgniter->handleRequest(NULL, Object(Config\Cache), false)
#9 C:\xampp\htdocs\stasenudi\public\index.php(36): CodeIgniter\CodeIgniter->run()
#10 C:\xampp\htdocs\stasenudi\vendor\codeigniter4\framework\system\Commands\Server\rewrite.php(45): require_once('C:\\xampp\\htdocs...')
#11 {main}
CRITICAL - 2021-06-03 14:02:11 --> Illegal string offset 'controller'
#0 C:\xampp\htdocs\stasenudi\app\Controllers\Guest.php(17): CodeIgniter\Debug\Exceptions->errorHandler(2, 'Illegal string ...', 'C:\\xampp\\htdocs...', 17, Array)
#1 C:\xampp\htdocs\stasenudi\app\Controllers\Guest.php(28): App\Controllers\Guest->show('home', '03-06-21')
#2 C:\xampp\htdocs\stasenudi\vendor\codeigniter4\framework\system\CodeIgniter.php(931): App\Controllers\Guest->index()
#3 C:\xampp\htdocs\stasenudi\vendor\codeigniter4\framework\system\CodeIgniter.php(439): CodeIgniter\CodeIgniter->runController(Object(App\Controllers\Guest))
#4 C:\xampp\htdocs\stasenudi\vendor\codeigniter4\framework\system\CodeIgniter.php(339): CodeIgniter\CodeIgniter->handleRequest(NULL, Object(Config\Cache), false)
#5 C:\xampp\htdocs\stasenudi\public\index.php(36): CodeIgniter\CodeIgniter->run()
#6 C:\xampp\htdocs\stasenudi\vendor\codeigniter4\framework\system\Commands\Server\rewrite.php(45): require_once('C:\\xampp\\htdocs...')
#7 {main}
CRITICAL - 2021-06-03 14:02:37 --> Illegal string offset 'controller'
#0 C:\xampp\htdocs\stasenudi\app\Controllers\Guest.php(17): CodeIgniter\Debug\Exceptions->errorHandler(2, 'Illegal string ...', 'C:\\xampp\\htdocs...', 17, Array)
#1 C:\xampp\htdocs\stasenudi\app\Controllers\Guest.php(28): App\Controllers\Guest->show('home', '03-06-21212121')
#2 C:\xampp\htdocs\stasenudi\vendor\codeigniter4\framework\system\CodeIgniter.php(931): App\Controllers\Guest->index()
#3 C:\xampp\htdocs\stasenudi\vendor\codeigniter4\framework\system\CodeIgniter.php(439): CodeIgniter\CodeIgniter->runController(Object(App\Controllers\Guest))
#4 C:\xampp\htdocs\stasenudi\vendor\codeigniter4\framework\system\CodeIgniter.php(339): CodeIgniter\CodeIgniter->handleRequest(NULL, Object(Config\Cache), false)
#5 C:\xampp\htdocs\stasenudi\public\index.php(36): CodeIgniter\CodeIgniter->run()
#6 C:\xampp\htdocs\stasenudi\vendor\codeigniter4\framework\system\Commands\Server\rewrite.php(45): require_once('C:\\xampp\\htdocs...')
#7 {main}
CRITICAL - 2021-06-03 14:05:58 --> Illegal string offset 'controller'
#0 C:\xampp\htdocs\stasenudi\app\Controllers\Guest.php(17): CodeIgniter\Debug\Exceptions->errorHandler(2, 'Illegal string ...', 'C:\\xampp\\htdocs...', 17, Array)
#1 C:\xampp\htdocs\stasenudi\app\Controllers\Guest.php(28): App\Controllers\Guest->show('home', '21-06-03')
#2 C:\xampp\htdocs\stasenudi\vendor\codeigniter4\framework\system\CodeIgniter.php(931): App\Controllers\Guest->index()
#3 C:\xampp\htdocs\stasenudi\vendor\codeigniter4\framework\system\CodeIgniter.php(439): CodeIgniter\CodeIgniter->runController(Object(App\Controllers\Guest))
#4 C:\xampp\htdocs\stasenudi\vendor\codeigniter4\framework\system\CodeIgniter.php(339): CodeIgniter\CodeIgniter->handleRequest(NULL, Object(Config\Cache), false)
#5 C:\xampp\htdocs\stasenudi\public\index.php(36): CodeIgniter\CodeIgniter->run()
#6 C:\xampp\htdocs\stasenudi\vendor\codeigniter4\framework\system\Commands\Server\rewrite.php(45): require_once('C:\\xampp\\htdocs...')
#7 {main}
CRITICAL - 2021-06-03 14:06:42 --> Illegal string offset 'controller'
#0 C:\xampp\htdocs\stasenudi\app\Controllers\Guest.php(17): CodeIgniter\Debug\Exceptions->errorHandler(2, 'Illegal string ...', 'C:\\xampp\\htdocs...', 17, Array)
#1 C:\xampp\htdocs\stasenudi\app\Controllers\Guest.php(28): App\Controllers\Guest->show('home', '2021-06-03')
#2 C:\xampp\htdocs\stasenudi\vendor\codeigniter4\framework\system\CodeIgniter.php(931): App\Controllers\Guest->index()
#3 C:\xampp\htdocs\stasenudi\vendor\codeigniter4\framework\system\CodeIgniter.php(439): CodeIgniter\CodeIgniter->runController(Object(App\Controllers\Guest))
#4 C:\xampp\htdocs\stasenudi\vendor\codeigniter4\framework\system\CodeIgniter.php(339): CodeIgniter\CodeIgniter->handleRequest(NULL, Object(Config\Cache), false)
#5 C:\xampp\htdocs\stasenudi\public\index.php(36): CodeIgniter\CodeIgniter->run()
#6 C:\xampp\htdocs\stasenudi\vendor\codeigniter4\framework\system\Commands\Server\rewrite.php(45): require_once('C:\\xampp\\htdocs...')
#7 {main}
CRITICAL - 2021-06-03 14:07:05 --> Illegal string offset 'controller'
#0 C:\xampp\htdocs\stasenudi\app\Controllers\Guest.php(17): CodeIgniter\Debug\Exceptions->errorHandler(2, 'Illegal string ...', 'C:\\xampp\\htdocs...', 17, Array)
#1 C:\xampp\htdocs\stasenudi\app\Controllers\Guest.php(28): App\Controllers\Guest->show('home', '2021-06-03')
#2 C:\xampp\htdocs\stasenudi\vendor\codeigniter4\framework\system\CodeIgniter.php(931): App\Controllers\Guest->index()
#3 C:\xampp\htdocs\stasenudi\vendor\codeigniter4\framework\system\CodeIgniter.php(439): CodeIgniter\CodeIgniter->runController(Object(App\Controllers\Guest))
#4 C:\xampp\htdocs\stasenudi\vendor\codeigniter4\framework\system\CodeIgniter.php(339): CodeIgniter\CodeIgniter->handleRequest(NULL, Object(Config\Cache), false)
#5 C:\xampp\htdocs\stasenudi\public\index.php(36): CodeIgniter\CodeIgniter->run()
#6 C:\xampp\htdocs\stasenudi\vendor\codeigniter4\framework\system\Commands\Server\rewrite.php(45): require_once('C:\\xampp\\htdocs...')
#7 {main}
CRITICAL - 2021-06-03 14:19:39 -->  is not a valid rule.
#0 C:\xampp\htdocs\stasenudi\vendor\codeigniter4\framework\system\Validation\Validation.php(321): CodeIgniter\Validation\Exceptions\ValidationException::forRuleNotFound('')
#1 C:\xampp\htdocs\stasenudi\vendor\codeigniter4\framework\system\Validation\Validation.php(159): CodeIgniter\Validation\Validation->processRules('0', '0', NULL, Array, Array)
#2 C:\xampp\htdocs\stasenudi\vendor\codeigniter4\framework\system\Controller.php(183): CodeIgniter\Validation\Validation->run()
#3 C:\xampp\htdocs\stasenudi\app\Controllers\Guest.php(50): CodeIgniter\Controller->validate(Array)
#4 C:\xampp\htdocs\stasenudi\vendor\codeigniter4\framework\system\CodeIgniter.php(931): App\Controllers\Guest->registerSubmit()
#5 C:\xampp\htdocs\stasenudi\vendor\codeigniter4\framework\system\CodeIgniter.php(439): CodeIgniter\CodeIgniter->runController(Object(App\Controllers\Guest))
#6 C:\xampp\htdocs\stasenudi\vendor\codeigniter4\framework\system\CodeIgniter.php(339): CodeIgniter\CodeIgniter->handleRequest(NULL, Object(Config\Cache), false)
#7 C:\xampp\htdocs\stasenudi\public\index.php(36): CodeIgniter\CodeIgniter->run()
#8 C:\xampp\htdocs\stasenudi\vendor\codeigniter4\framework\system\Commands\Server\rewrite.php(45): require_once('C:\\xampp\\htdocs...')
#9 {main}
CRITICAL - 2021-06-03 14:20:05 -->  is not a valid rule.
#0 C:\xampp\htdocs\stasenudi\vendor\codeigniter4\framework\system\Validation\Validation.php(321): CodeIgniter\Validation\Exceptions\ValidationException::forRuleNotFound('')
#1 C:\xampp\htdocs\stasenudi\vendor\codeigniter4\framework\system\Validation\Validation.php(159): CodeIgniter\Validation\Validation->processRules('0', '0', NULL, Array, Array)
#2 C:\xampp\htdocs\stasenudi\vendor\codeigniter4\framework\system\Controller.php(183): CodeIgniter\Validation\Validation->run()
#3 C:\xampp\htdocs\stasenudi\app\Controllers\Guest.php(50): CodeIgniter\Controller->validate(Array)
#4 C:\xampp\htdocs\stasenudi\vendor\codeigniter4\framework\system\CodeIgniter.php(931): App\Controllers\Guest->registerSubmit()
#5 C:\xampp\htdocs\stasenudi\vendor\codeigniter4\framework\system\CodeIgniter.php(439): CodeIgniter\CodeIgniter->runController(Object(App\Controllers\Guest))
#6 C:\xampp\htdocs\stasenudi\vendor\codeigniter4\framework\system\CodeIgniter.php(339): CodeIgniter\CodeIgniter->handleRequest(NULL, Object(Config\Cache), false)
#7 C:\xampp\htdocs\stasenudi\public\index.php(36): CodeIgniter\CodeIgniter->run()
#8 C:\xampp\htdocs\stasenudi\vendor\codeigniter4\framework\system\Commands\Server\rewrite.php(45): require_once('C:\\xampp\\htdocs...')
#9 {main}
CRITICAL - 2021-06-03 15:59:38 --> Invalid file: common/profile.php
#0 C:\xampp\htdocs\stasenudi\vendor\codeigniter4\framework\system\View\View.php(213): CodeIgniter\Exceptions\FrameworkException::forInvalidFile('common/profile....')
#1 C:\xampp\htdocs\stasenudi\vendor\codeigniter4\framework\system\Common.php(1250): CodeIgniter\View\View->render('common/profile', Array, true)
#2 C:\xampp\htdocs\stasenudi\app\Controllers\Guest.php(17): view('common/profile', Array)
#3 C:\xampp\htdocs\stasenudi\app\Controllers\Guest.php(97): App\Controllers\Guest->show('profile', Array)
#4 C:\xampp\htdocs\stasenudi\vendor\codeigniter4\framework\system\CodeIgniter.php(931): App\Controllers\Guest->userProfile('1')
#5 C:\xampp\htdocs\stasenudi\vendor\codeigniter4\framework\system\CodeIgniter.php(439): CodeIgniter\CodeIgniter->runController(Object(App\Controllers\Guest))
#6 C:\xampp\htdocs\stasenudi\vendor\codeigniter4\framework\system\CodeIgniter.php(339): CodeIgniter\CodeIgniter->handleRequest(NULL, Object(Config\Cache), false)
#7 C:\xampp\htdocs\stasenudi\public\index.php(36): CodeIgniter\CodeIgniter->run()
#8 C:\xampp\htdocs\stasenudi\vendor\codeigniter4\framework\system\Commands\Server\rewrite.php(45): require_once('C:\\xampp\\htdocs...')
#9 {main}
CRITICAL - 2021-06-03 16:58:24 --> Too few arguments to function App\Controllers\User::index(), 0 passed in C:\xampp\htdocs\stasenudi\vendor\codeigniter4\framework\system\CodeIgniter.php on line 931 and exactly 1 expected
#0 C:\xampp\htdocs\stasenudi\vendor\codeigniter4\framework\system\CodeIgniter.php(931): App\Controllers\User->index()
#1 C:\xampp\htdocs\stasenudi\vendor\codeigniter4\framework\system\CodeIgniter.php(439): CodeIgniter\CodeIgniter->runController(Object(App\Controllers\User))
#2 C:\xampp\htdocs\stasenudi\vendor\codeigniter4\framework\system\CodeIgniter.php(339): CodeIgniter\CodeIgniter->handleRequest(NULL, Object(Config\Cache), false)
#3 C:\xampp\htdocs\stasenudi\public\index.php(36): CodeIgniter\CodeIgniter->run()
#4 C:\xampp\htdocs\stasenudi\vendor\codeigniter4\framework\system\Commands\Server\rewrite.php(45): require_once('C:\\xampp\\htdocs...')
#5 {main}
CRITICAL - 2021-06-03 16:58:36 --> Argument 2 passed to site_url() must be of the type string or null, array given, called in C:\xampp\htdocs\stasenudi\app\Controllers\Guest.php on line 196
#0 C:\xampp\htdocs\stasenudi\app\Controllers\Guest.php(196): site_url('User', Array)
#1 C:\xampp\htdocs\stasenudi\vendor\codeigniter4\framework\system\CodeIgniter.php(931): App\Controllers\Guest->loginSubmit()
#2 C:\xampp\htdocs\stasenudi\vendor\codeigniter4\framework\system\CodeIgniter.php(439): CodeIgniter\CodeIgniter->runController(Object(App\Controllers\Guest))
#3 C:\xampp\htdocs\stasenudi\vendor\codeigniter4\framework\system\CodeIgniter.php(339): CodeIgniter\CodeIgniter->handleRequest(NULL, Object(Config\Cache), false)
#4 C:\xampp\htdocs\stasenudi\public\index.php(36): CodeIgniter\CodeIgniter->run()
#5 C:\xampp\htdocs\stasenudi\vendor\codeigniter4\framework\system\Commands\Server\rewrite.php(45): require_once('C:\\xampp\\htdocs...')
#6 {main}
CRITICAL - 2021-06-03 16:58:48 --> Argument 2 passed to site_url() must be of the type string or null, array given, called in C:\xampp\htdocs\stasenudi\app\Controllers\Guest.php on line 196
#0 C:\xampp\htdocs\stasenudi\app\Controllers\Guest.php(196): site_url('User', Array)
#1 C:\xampp\htdocs\stasenudi\vendor\codeigniter4\framework\system\CodeIgniter.php(931): App\Controllers\Guest->loginSubmit()
#2 C:\xampp\htdocs\stasenudi\vendor\codeigniter4\framework\system\CodeIgniter.php(439): CodeIgniter\CodeIgniter->runController(Object(App\Controllers\Guest))
#3 C:\xampp\htdocs\stasenudi\vendor\codeigniter4\framework\system\CodeIgniter.php(339): CodeIgniter\CodeIgniter->handleRequest(NULL, Object(Config\Cache), false)
#4 C:\xampp\htdocs\stasenudi\public\index.php(36): CodeIgniter\CodeIgniter->run()
#5 C:\xampp\htdocs\stasenudi\vendor\codeigniter4\framework\system\Commands\Server\rewrite.php(45): require_once('C:\\xampp\\htdocs...')
#6 {main}
CRITICAL - 2021-06-03 16:59:13 --> Too few arguments to function App\Controllers\User::index(), 0 passed in C:\xampp\htdocs\stasenudi\vendor\codeigniter4\framework\system\CodeIgniter.php on line 931 and exactly 1 expected
#0 C:\xampp\htdocs\stasenudi\vendor\codeigniter4\framework\system\CodeIgniter.php(931): App\Controllers\User->index()
#1 C:\xampp\htdocs\stasenudi\vendor\codeigniter4\framework\system\CodeIgniter.php(439): CodeIgniter\CodeIgniter->runController(Object(App\Controllers\User))
#2 C:\xampp\htdocs\stasenudi\vendor\codeigniter4\framework\system\CodeIgniter.php(339): CodeIgniter\CodeIgniter->handleRequest(NULL, Object(Config\Cache), false)
#3 C:\xampp\htdocs\stasenudi\public\index.php(36): CodeIgniter\CodeIgniter->run()
#4 C:\xampp\htdocs\stasenudi\vendor\codeigniter4\framework\system\Commands\Server\rewrite.php(45): require_once('C:\\xampp\\htdocs...')
#5 {main}
CRITICAL - 2021-06-03 17:00:00 --> Too few arguments to function App\Controllers\User::index(), 0 passed in C:\xampp\htdocs\stasenudi\vendor\codeigniter4\framework\system\CodeIgniter.php on line 931 and exactly 1 expected
#0 C:\xampp\htdocs\stasenudi\vendor\codeigniter4\framework\system\CodeIgniter.php(931): App\Controllers\User->index()
#1 C:\xampp\htdocs\stasenudi\vendor\codeigniter4\framework\system\CodeIgniter.php(439): CodeIgniter\CodeIgniter->runController(Object(App\Controllers\User))
#2 C:\xampp\htdocs\stasenudi\vendor\codeigniter4\framework\system\CodeIgniter.php(339): CodeIgniter\CodeIgniter->handleRequest(NULL, Object(Config\Cache), false)
#3 C:\xampp\htdocs\stasenudi\public\index.php(36): CodeIgniter\CodeIgniter->run()
#4 C:\xampp\htdocs\stasenudi\vendor\codeigniter4\framework\system\Commands\Server\rewrite.php(45): require_once('C:\\xampp\\htdocs...')
#5 {main}
CRITICAL - 2021-06-03 17:02:19 --> Too few arguments to function App\Controllers\User::index(), 0 passed in C:\xampp\htdocs\stasenudi\vendor\codeigniter4\framework\system\CodeIgniter.php on line 931 and exactly 1 expected
#0 C:\xampp\htdocs\stasenudi\vendor\codeigniter4\framework\system\CodeIgniter.php(931): App\Controllers\User->index()
#1 C:\xampp\htdocs\stasenudi\vendor\codeigniter4\framework\system\CodeIgniter.php(439): CodeIgniter\CodeIgniter->runController(Object(App\Controllers\User))
#2 C:\xampp\htdocs\stasenudi\vendor\codeigniter4\framework\system\CodeIgniter.php(339): CodeIgniter\CodeIgniter->handleRequest(NULL, Object(Config\Cache), false)
#3 C:\xampp\htdocs\stasenudi\public\index.php(36): CodeIgniter\CodeIgniter->run()
#4 C:\xampp\htdocs\stasenudi\vendor\codeigniter4\framework\system\Commands\Server\rewrite.php(45): require_once('C:\\xampp\\htdocs...')
#5 {main}
CRITICAL - 2021-06-03 17:02:52 --> Too few arguments to function App\Controllers\User::index(), 0 passed in C:\xampp\htdocs\stasenudi\vendor\codeigniter4\framework\system\CodeIgniter.php on line 931 and exactly 1 expected
#0 C:\xampp\htdocs\stasenudi\vendor\codeigniter4\framework\system\CodeIgniter.php(931): App\Controllers\User->index()
#1 C:\xampp\htdocs\stasenudi\vendor\codeigniter4\framework\system\CodeIgniter.php(439): CodeIgniter\CodeIgniter->runController(Object(App\Controllers\User))
#2 C:\xampp\htdocs\stasenudi\vendor\codeigniter4\framework\system\CodeIgniter.php(339): CodeIgniter\CodeIgniter->handleRequest(NULL, Object(Config\Cache), false)
#3 C:\xampp\htdocs\stasenudi\public\index.php(36): CodeIgniter\CodeIgniter->run()
#4 C:\xampp\htdocs\stasenudi\vendor\codeigniter4\framework\system\Commands\Server\rewrite.php(45): require_once('C:\\xampp\\htdocs...')
#5 {main}
CRITICAL - 2021-06-03 17:03:52 --> Too few arguments to function App\Controllers\User::index(), 0 passed in C:\xampp\htdocs\stasenudi\vendor\codeigniter4\framework\system\CodeIgniter.php on line 931 and exactly 1 expected
#0 C:\xampp\htdocs\stasenudi\vendor\codeigniter4\framework\system\CodeIgniter.php(931): App\Controllers\User->index()
#1 C:\xampp\htdocs\stasenudi\vendor\codeigniter4\framework\system\CodeIgniter.php(439): CodeIgniter\CodeIgniter->runController(Object(App\Controllers\User))
#2 C:\xampp\htdocs\stasenudi\vendor\codeigniter4\framework\system\CodeIgniter.php(339): CodeIgniter\CodeIgniter->handleRequest(NULL, Object(Config\Cache), false)
#3 C:\xampp\htdocs\stasenudi\public\index.php(36): CodeIgniter\CodeIgniter->run()
#4 C:\xampp\htdocs\stasenudi\vendor\codeigniter4\framework\system\Commands\Server\rewrite.php(45): require_once('C:\\xampp\\htdocs...')
#5 {main}
CRITICAL - 2021-06-03 17:04:01 --> Too few arguments to function App\Controllers\User::index(), 0 passed in C:\xampp\htdocs\stasenudi\vendor\codeigniter4\framework\system\CodeIgniter.php on line 931 and exactly 1 expected
#0 C:\xampp\htdocs\stasenudi\vendor\codeigniter4\framework\system\CodeIgniter.php(931): App\Controllers\User->index()
#1 C:\xampp\htdocs\stasenudi\vendor\codeigniter4\framework\system\CodeIgniter.php(439): CodeIgniter\CodeIgniter->runController(Object(App\Controllers\User))
#2 C:\xampp\htdocs\stasenudi\vendor\codeigniter4\framework\system\CodeIgniter.php(339): CodeIgniter\CodeIgniter->handleRequest(NULL, Object(Config\Cache), false)
#3 C:\xampp\htdocs\stasenudi\public\index.php(36): CodeIgniter\CodeIgniter->run()
#4 C:\xampp\htdocs\stasenudi\vendor\codeigniter4\framework\system\Commands\Server\rewrite.php(45): require_once('C:\\xampp\\htdocs...')
#5 {main}
CRITICAL - 2021-06-03 17:04:29 --> Argument 2 passed to site_url() must be of the type string or null, array given, called in C:\xampp\htdocs\stasenudi\app\Controllers\Guest.php on line 196
#0 C:\xampp\htdocs\stasenudi\app\Controllers\Guest.php(196): site_url('User/index', Array)
#1 C:\xampp\htdocs\stasenudi\vendor\codeigniter4\framework\system\CodeIgniter.php(931): App\Controllers\Guest->loginSubmit()
#2 C:\xampp\htdocs\stasenudi\vendor\codeigniter4\framework\system\CodeIgniter.php(439): CodeIgniter\CodeIgniter->runController(Object(App\Controllers\Guest))
#3 C:\xampp\htdocs\stasenudi\vendor\codeigniter4\framework\system\CodeIgniter.php(339): CodeIgniter\CodeIgniter->handleRequest(NULL, Object(Config\Cache), false)
#4 C:\xampp\htdocs\stasenudi\public\index.php(36): CodeIgniter\CodeIgniter->run()
#5 C:\xampp\htdocs\stasenudi\vendor\codeigniter4\framework\system\Commands\Server\rewrite.php(45): require_once('C:\\xampp\\htdocs...')
#6 {main}
CRITICAL - 2021-06-03 17:05:06 --> Too few arguments to function App\Controllers\User::index(), 0 passed in C:\xampp\htdocs\stasenudi\vendor\codeigniter4\framework\system\CodeIgniter.php on line 931 and exactly 1 expected
#0 C:\xampp\htdocs\stasenudi\vendor\codeigniter4\framework\system\CodeIgniter.php(931): App\Controllers\User->index()
#1 C:\xampp\htdocs\stasenudi\vendor\codeigniter4\framework\system\CodeIgniter.php(439): CodeIgniter\CodeIgniter->runController(Object(App\Controllers\User))
#2 C:\xampp\htdocs\stasenudi\vendor\codeigniter4\framework\system\CodeIgniter.php(339): CodeIgniter\CodeIgniter->handleRequest(NULL, Object(Config\Cache), false)
#3 C:\xampp\htdocs\stasenudi\public\index.php(36): CodeIgniter\CodeIgniter->run()
#4 C:\xampp\htdocs\stasenudi\vendor\codeigniter4\framework\system\Commands\Server\rewrite.php(45): require_once('C:\\xampp\\htdocs...')
#5 {main}
CRITICAL - 2021-06-03 17:07:36 --> Too few arguments to function App\Controllers\User::index(), 0 passed in C:\xampp\htdocs\stasenudi\vendor\codeigniter4\framework\system\CodeIgniter.php on line 931 and exactly 1 expected
#0 C:\xampp\htdocs\stasenudi\vendor\codeigniter4\framework\system\CodeIgniter.php(931): App\Controllers\User->index()
#1 C:\xampp\htdocs\stasenudi\vendor\codeigniter4\framework\system\CodeIgniter.php(439): CodeIgniter\CodeIgniter->runController(Object(App\Controllers\User))
#2 C:\xampp\htdocs\stasenudi\vendor\codeigniter4\framework\system\CodeIgniter.php(339): CodeIgniter\CodeIgniter->handleRequest(NULL, Object(Config\Cache), false)
#3 C:\xampp\htdocs\stasenudi\public\index.php(36): CodeIgniter\CodeIgniter->run()
#4 C:\xampp\htdocs\stasenudi\vendor\codeigniter4\framework\system\Commands\Server\rewrite.php(45): require_once('C:\\xampp\\htdocs...')
#5 {main}
CRITICAL - 2021-06-03 17:08:31 --> Too few arguments to function App\Controllers\User::index(), 0 passed in C:\xampp\htdocs\stasenudi\vendor\codeigniter4\framework\system\CodeIgniter.php on line 931 and exactly 1 expected
#0 C:\xampp\htdocs\stasenudi\vendor\codeigniter4\framework\system\CodeIgniter.php(931): App\Controllers\User->index()
#1 C:\xampp\htdocs\stasenudi\vendor\codeigniter4\framework\system\CodeIgniter.php(439): CodeIgniter\CodeIgniter->runController(Object(App\Controllers\User))
#2 C:\xampp\htdocs\stasenudi\vendor\codeigniter4\framework\system\CodeIgniter.php(339): CodeIgniter\CodeIgniter->handleRequest(NULL, Object(Config\Cache), false)
#3 C:\xampp\htdocs\stasenudi\public\index.php(36): CodeIgniter\CodeIgniter->run()
#4 C:\xampp\htdocs\stasenudi\vendor\codeigniter4\framework\system\Commands\Server\rewrite.php(45): require_once('C:\\xampp\\htdocs...')
#5 {main}
CRITICAL - 2021-06-03 17:21:46 --> Class 'App\Controllers\AdModel' not found
#0 C:\xampp\htdocs\stasenudi\vendor\codeigniter4\framework\system\CodeIgniter.php(931): App\Controllers\User->search()
#1 C:\xampp\htdocs\stasenudi\vendor\codeigniter4\framework\system\CodeIgniter.php(439): CodeIgniter\CodeIgniter->runController(Object(App\Controllers\User))
#2 C:\xampp\htdocs\stasenudi\vendor\codeigniter4\framework\system\CodeIgniter.php(339): CodeIgniter\CodeIgniter->handleRequest(NULL, Object(Config\Cache), false)
#3 C:\xampp\htdocs\stasenudi\public\index.php(36): CodeIgniter\CodeIgniter->run()
#4 C:\xampp\htdocs\stasenudi\vendor\codeigniter4\framework\system\Commands\Server\rewrite.php(45): require_once('C:\\xampp\\htdocs...')
#5 {main}
CRITICAL - 2021-06-03 17:22:44 --> Class 'App\Controllers\UserModel' not found
#0 C:\xampp\htdocs\stasenudi\vendor\codeigniter4\framework\system\CodeIgniter.php(931): App\Controllers\User->userProfile()
#1 C:\xampp\htdocs\stasenudi\vendor\codeigniter4\framework\system\CodeIgniter.php(439): CodeIgniter\CodeIgniter->runController(Object(App\Controllers\User))
#2 C:\xampp\htdocs\stasenudi\vendor\codeigniter4\framework\system\CodeIgniter.php(339): CodeIgniter\CodeIgniter->handleRequest(NULL, Object(Config\Cache), false)
#3 C:\xampp\htdocs\stasenudi\public\index.php(36): CodeIgniter\CodeIgniter->run()
#4 C:\xampp\htdocs\stasenudi\vendor\codeigniter4\framework\system\Commands\Server\rewrite.php(45): require_once('C:\\xampp\\htdocs...')
#5 {main}
CRITICAL - 2021-06-03 17:23:48 --> Class 'App\Controllers\UserModel' not found
#0 C:\xampp\htdocs\stasenudi\vendor\codeigniter4\framework\system\CodeIgniter.php(931): App\Controllers\User->userProfile()
#1 C:\xampp\htdocs\stasenudi\vendor\codeigniter4\framework\system\CodeIgniter.php(439): CodeIgniter\CodeIgniter->runController(Object(App\Controllers\User))
#2 C:\xampp\htdocs\stasenudi\vendor\codeigniter4\framework\system\CodeIgniter.php(339): CodeIgniter\CodeIgniter->handleRequest(NULL, Object(Config\Cache), false)
#3 C:\xampp\htdocs\stasenudi\public\index.php(36): CodeIgniter\CodeIgniter->run()
#4 C:\xampp\htdocs\stasenudi\vendor\codeigniter4\framework\system\Commands\Server\rewrite.php(45): require_once('C:\\xampp\\htdocs...')
#5 {main}
CRITICAL - 2021-06-03 17:23:52 --> Class 'App\Controllers\UserModel' not found
#0 C:\xampp\htdocs\stasenudi\vendor\codeigniter4\framework\system\CodeIgniter.php(931): App\Controllers\User->userProfile()
#1 C:\xampp\htdocs\stasenudi\vendor\codeigniter4\framework\system\CodeIgniter.php(439): CodeIgniter\CodeIgniter->runController(Object(App\Controllers\User))
#2 C:\xampp\htdocs\stasenudi\vendor\codeigniter4\framework\system\CodeIgniter.php(339): CodeIgniter\CodeIgniter->handleRequest(NULL, Object(Config\Cache), false)
#3 C:\xampp\htdocs\stasenudi\public\index.php(36): CodeIgniter\CodeIgniter->run()
#4 C:\xampp\htdocs\stasenudi\vendor\codeigniter4\framework\system\Commands\Server\rewrite.php(45): require_once('C:\\xampp\\htdocs...')
#5 {main}
CRITICAL - 2021-06-03 17:24:44 --> Class 'App\Controllers\UserModel' not found
#0 C:\xampp\htdocs\stasenudi\vendor\codeigniter4\framework\system\CodeIgniter.php(931): App\Controllers\User->userProfile()
#1 C:\xampp\htdocs\stasenudi\vendor\codeigniter4\framework\system\CodeIgniter.php(439): CodeIgniter\CodeIgniter->runController(Object(App\Controllers\User))
#2 C:\xampp\htdocs\stasenudi\vendor\codeigniter4\framework\system\CodeIgniter.php(339): CodeIgniter\CodeIgniter->handleRequest(NULL, Object(Config\Cache), false)
#3 C:\xampp\htdocs\stasenudi\public\index.php(36): CodeIgniter\CodeIgniter->run()
#4 C:\xampp\htdocs\stasenudi\vendor\codeigniter4\framework\system\Commands\Server\rewrite.php(45): require_once('C:\\xampp\\htdocs...')
#5 {main}
CRITICAL - 2021-06-03 17:25:25 --> Class 'App\Controllers\UserModel' not found
#0 C:\xampp\htdocs\stasenudi\vendor\codeigniter4\framework\system\CodeIgniter.php(931): App\Controllers\User->userProfile()
#1 C:\xampp\htdocs\stasenudi\vendor\codeigniter4\framework\system\CodeIgniter.php(439): CodeIgniter\CodeIgniter->runController(Object(App\Controllers\User))
#2 C:\xampp\htdocs\stasenudi\vendor\codeigniter4\framework\system\CodeIgniter.php(339): CodeIgniter\CodeIgniter->handleRequest(NULL, Object(Config\Cache), false)
#3 C:\xampp\htdocs\stasenudi\public\index.php(36): CodeIgniter\CodeIgniter->run()
#4 C:\xampp\htdocs\stasenudi\vendor\codeigniter4\framework\system\Commands\Server\rewrite.php(45): require_once('C:\\xampp\\htdocs...')
#5 {main}
CRITICAL - 2021-06-03 17:27:28 --> Class 'App\Controllers\UserModel' not found
#0 C:\xampp\htdocs\stasenudi\vendor\codeigniter4\framework\system\CodeIgniter.php(931): App\Controllers\User->userProfile()
#1 C:\xampp\htdocs\stasenudi\vendor\codeigniter4\framework\system\CodeIgniter.php(439): CodeIgniter\CodeIgniter->runController(Object(App\Controllers\User))
#2 C:\xampp\htdocs\stasenudi\vendor\codeigniter4\framework\system\CodeIgniter.php(339): CodeIgniter\CodeIgniter->handleRequest(NULL, Object(Config\Cache), false)
#3 C:\xampp\htdocs\stasenudi\public\index.php(36): CodeIgniter\CodeIgniter->run()
#4 C:\xampp\htdocs\stasenudi\vendor\codeigniter4\framework\system\Commands\Server\rewrite.php(45): require_once('C:\\xampp\\htdocs...')
#5 {main}
CRITICAL - 2021-06-03 17:27:53 --> Class 'App\Controllers\UserModel' not found
#0 C:\xampp\htdocs\stasenudi\vendor\codeigniter4\framework\system\CodeIgniter.php(931): App\Controllers\User->userProfile()
#1 C:\xampp\htdocs\stasenudi\vendor\codeigniter4\framework\system\CodeIgniter.php(439): CodeIgniter\CodeIgniter->runController(Object(App\Controllers\User))
#2 C:\xampp\htdocs\stasenudi\vendor\codeigniter4\framework\system\CodeIgniter.php(339): CodeIgniter\CodeIgniter->handleRequest(NULL, Object(Config\Cache), false)
#3 C:\xampp\htdocs\stasenudi\public\index.php(36): CodeIgniter\CodeIgniter->run()
#4 C:\xampp\htdocs\stasenudi\vendor\codeigniter4\framework\system\Commands\Server\rewrite.php(45): require_once('C:\\xampp\\htdocs...')
#5 {main}
CRITICAL - 2021-06-03 17:28:05 --> Class 'App\Controllers\UserModel' not found
#0 C:\xampp\htdocs\stasenudi\vendor\codeigniter4\framework\system\CodeIgniter.php(931): App\Controllers\User->userProfile()
#1 C:\xampp\htdocs\stasenudi\vendor\codeigniter4\framework\system\CodeIgniter.php(439): CodeIgniter\CodeIgniter->runController(Object(App\Controllers\User))
#2 C:\xampp\htdocs\stasenudi\vendor\codeigniter4\framework\system\CodeIgniter.php(339): CodeIgniter\CodeIgniter->handleRequest(NULL, Object(Config\Cache), false)
#3 C:\xampp\htdocs\stasenudi\public\index.php(36): CodeIgniter\CodeIgniter->run()
#4 C:\xampp\htdocs\stasenudi\vendor\codeigniter4\framework\system\Commands\Server\rewrite.php(45): require_once('C:\\xampp\\htdocs...')
#5 {main}
CRITICAL - 2021-06-03 17:28:46 --> Object of class CodeIgniter\Session\Session could not be converted to string
#0 C:\xampp\htdocs\stasenudi\app\Controllers\User.php(18): CodeIgniter\Debug\Exceptions->errorHandler(4096, 'Object of class...', 'C:\\xampp\\htdocs...', 18, Array)
#1 C:\xampp\htdocs\stasenudi\vendor\codeigniter4\framework\system\CodeIgniter.php(931): App\Controllers\User->index()
#2 C:\xampp\htdocs\stasenudi\vendor\codeigniter4\framework\system\CodeIgniter.php(439): CodeIgniter\CodeIgniter->runController(Object(App\Controllers\User))
#3 C:\xampp\htdocs\stasenudi\vendor\codeigniter4\framework\system\CodeIgniter.php(339): CodeIgniter\CodeIgniter->handleRequest(NULL, Object(Config\Cache), false)
#4 C:\xampp\htdocs\stasenudi\public\index.php(36): CodeIgniter\CodeIgniter->run()
#5 C:\xampp\htdocs\stasenudi\vendor\codeigniter4\framework\system\Commands\Server\rewrite.php(45): require_once('C:\\xampp\\htdocs...')
#6 {main}
CRITICAL - 2021-06-03 17:28:47 --> Object of class CodeIgniter\Session\Session could not be converted to string
#0 C:\xampp\htdocs\stasenudi\app\Controllers\User.php(18): CodeIgniter\Debug\Exceptions->errorHandler(4096, 'Object of class...', 'C:\\xampp\\htdocs...', 18, Array)
#1 C:\xampp\htdocs\stasenudi\vendor\codeigniter4\framework\system\CodeIgniter.php(931): App\Controllers\User->index()
#2 C:\xampp\htdocs\stasenudi\vendor\codeigniter4\framework\system\CodeIgniter.php(439): CodeIgniter\CodeIgniter->runController(Object(App\Controllers\User))
#3 C:\xampp\htdocs\stasenudi\vendor\codeigniter4\framework\system\CodeIgniter.php(339): CodeIgniter\CodeIgniter->handleRequest(NULL, Object(Config\Cache), false)
#4 C:\xampp\htdocs\stasenudi\public\index.php(36): CodeIgniter\CodeIgniter->run()
#5 C:\xampp\htdocs\stasenudi\vendor\codeigniter4\framework\system\Commands\Server\rewrite.php(45): require_once('C:\\xampp\\htdocs...')
#6 {main}
CRITICAL - 2021-06-03 17:28:54 --> Object of class CodeIgniter\Session\Session could not be converted to string
#0 C:\xampp\htdocs\stasenudi\app\Controllers\User.php(18): CodeIgniter\Debug\Exceptions->errorHandler(4096, 'Object of class...', 'C:\\xampp\\htdocs...', 18, Array)
#1 C:\xampp\htdocs\stasenudi\vendor\codeigniter4\framework\system\CodeIgniter.php(931): App\Controllers\User->index()
#2 C:\xampp\htdocs\stasenudi\vendor\codeigniter4\framework\system\CodeIgniter.php(439): CodeIgniter\CodeIgniter->runController(Object(App\Controllers\User))
#3 C:\xampp\htdocs\stasenudi\vendor\codeigniter4\framework\system\CodeIgniter.php(339): CodeIgniter\CodeIgniter->handleRequest(NULL, Object(Config\Cache), false)
#4 C:\xampp\htdocs\stasenudi\public\index.php(36): CodeIgniter\CodeIgniter->run()
#5 C:\xampp\htdocs\stasenudi\vendor\codeigniter4\framework\system\Commands\Server\rewrite.php(45): require_once('C:\\xampp\\htdocs...')
#6 {main}
CRITICAL - 2021-06-03 17:29:35 --> Object of class CodeIgniter\Session\Session could not be converted to string
#0 C:\xampp\htdocs\stasenudi\app\Controllers\User.php(18): CodeIgniter\Debug\Exceptions->errorHandler(4096, 'Object of class...', 'C:\\xampp\\htdocs...', 18, Array)
#1 C:\xampp\htdocs\stasenudi\vendor\codeigniter4\framework\system\CodeIgniter.php(931): App\Controllers\User->index()
#2 C:\xampp\htdocs\stasenudi\vendor\codeigniter4\framework\system\CodeIgniter.php(439): CodeIgniter\CodeIgniter->runController(Object(App\Controllers\User))
#3 C:\xampp\htdocs\stasenudi\vendor\codeigniter4\framework\system\CodeIgniter.php(339): CodeIgniter\CodeIgniter->handleRequest(NULL, Object(Config\Cache), false)
#4 C:\xampp\htdocs\stasenudi\public\index.php(36): CodeIgniter\CodeIgniter->run()
#5 C:\xampp\htdocs\stasenudi\vendor\codeigniter4\framework\system\Commands\Server\rewrite.php(45): require_once('C:\\xampp\\htdocs...')
#6 {main}
CRITICAL - 2021-06-03 17:32:36 --> Class 'App\Controllers\UserModel' not found
#0 C:\xampp\htdocs\stasenudi\vendor\codeigniter4\framework\system\CodeIgniter.php(931): App\Controllers\User->userProfile()
#1 C:\xampp\htdocs\stasenudi\vendor\codeigniter4\framework\system\CodeIgniter.php(439): CodeIgniter\CodeIgniter->runController(Object(App\Controllers\User))
#2 C:\xampp\htdocs\stasenudi\vendor\codeigniter4\framework\system\CodeIgniter.php(339): CodeIgniter\CodeIgniter->handleRequest(NULL, Object(Config\Cache), false)
#3 C:\xampp\htdocs\stasenudi\public\index.php(36): CodeIgniter\CodeIgniter->run()
#4 C:\xampp\htdocs\stasenudi\vendor\codeigniter4\framework\system\Commands\Server\rewrite.php(45): require_once('C:\\xampp\\htdocs...')
#5 {main}
CRITICAL - 2021-06-03 17:33:29 --> Class 'App\Controllers\UserModel' not found
#0 C:\xampp\htdocs\stasenudi\vendor\codeigniter4\framework\system\CodeIgniter.php(931): App\Controllers\User->userProfile()
#1 C:\xampp\htdocs\stasenudi\vendor\codeigniter4\framework\system\CodeIgniter.php(439): CodeIgniter\CodeIgniter->runController(Object(App\Controllers\User))
#2 C:\xampp\htdocs\stasenudi\vendor\codeigniter4\framework\system\CodeIgniter.php(339): CodeIgniter\CodeIgniter->handleRequest(NULL, Object(Config\Cache), false)
#3 C:\xampp\htdocs\stasenudi\public\index.php(36): CodeIgniter\CodeIgniter->run()
#4 C:\xampp\htdocs\stasenudi\vendor\codeigniter4\framework\system\Commands\Server\rewrite.php(45): require_once('C:\\xampp\\htdocs...')
#5 {main}
CRITICAL - 2021-06-03 17:33:52 --> Class 'App\Controllers\UserModel' not found
#0 C:\xampp\htdocs\stasenudi\vendor\codeigniter4\framework\system\CodeIgniter.php(931): App\Controllers\User->userProfile()
#1 C:\xampp\htdocs\stasenudi\vendor\codeigniter4\framework\system\CodeIgniter.php(439): CodeIgniter\CodeIgniter->runController(Object(App\Controllers\User))
#2 C:\xampp\htdocs\stasenudi\vendor\codeigniter4\framework\system\CodeIgniter.php(339): CodeIgniter\CodeIgniter->handleRequest(NULL, Object(Config\Cache), false)
#3 C:\xampp\htdocs\stasenudi\public\index.php(36): CodeIgniter\CodeIgniter->run()
#4 C:\xampp\htdocs\stasenudi\vendor\codeigniter4\framework\system\Commands\Server\rewrite.php(45): require_once('C:\\xampp\\htdocs...')
#5 {main}
CRITICAL - 2021-06-03 17:34:22 --> Class 'App\Controllers\UserModel' not found
#0 C:\xampp\htdocs\stasenudi\vendor\codeigniter4\framework\system\CodeIgniter.php(931): App\Controllers\User->userProfile()
#1 C:\xampp\htdocs\stasenudi\vendor\codeigniter4\framework\system\CodeIgniter.php(439): CodeIgniter\CodeIgniter->runController(Object(App\Controllers\User))
#2 C:\xampp\htdocs\stasenudi\vendor\codeigniter4\framework\system\CodeIgniter.php(339): CodeIgniter\CodeIgniter->handleRequest(NULL, Object(Config\Cache), false)
#3 C:\xampp\htdocs\stasenudi\public\index.php(36): CodeIgniter\CodeIgniter->run()
#4 C:\xampp\htdocs\stasenudi\vendor\codeigniter4\framework\system\Commands\Server\rewrite.php(45): require_once('C:\\xampp\\htdocs...')
#5 {main}
CRITICAL - 2021-06-03 17:35:43 --> Class 'App\Controllers\UserModel' not found
#0 C:\xampp\htdocs\stasenudi\vendor\codeigniter4\framework\system\CodeIgniter.php(931): App\Controllers\User->userProfile()
#1 C:\xampp\htdocs\stasenudi\vendor\codeigniter4\framework\system\CodeIgniter.php(439): CodeIgniter\CodeIgniter->runController(Object(App\Controllers\User))
#2 C:\xampp\htdocs\stasenudi\vendor\codeigniter4\framework\system\CodeIgniter.php(339): CodeIgniter\CodeIgniter->handleRequest(NULL, Object(Config\Cache), false)
#3 C:\xampp\htdocs\stasenudi\public\index.php(36): CodeIgniter\CodeIgniter->run()
#4 C:\xampp\htdocs\stasenudi\vendor\codeigniter4\framework\system\Commands\Server\rewrite.php(45): require_once('C:\\xampp\\htdocs...')
#5 {main}
CRITICAL - 2021-06-03 17:36:43 --> Call to a member function get() on null
#0 C:\xampp\htdocs\stasenudi\vendor\codeigniter4\framework\system\View\View.php(230): include()
#1 C:\xampp\htdocs\stasenudi\vendor\codeigniter4\framework\system\View\View.php(232): CodeIgniter\View\View->CodeIgniter\View\{closure}()
#2 C:\xampp\htdocs\stasenudi\vendor\codeigniter4\framework\system\Common.php(1250): CodeIgniter\View\View->render('common/profile-...', Array, true)
#3 C:\xampp\htdocs\stasenudi\app\Controllers\User.php(16): view('common/profile-...', Array)
#4 C:\xampp\htdocs\stasenudi\app\Controllers\User.php(63): App\Controllers\User->show('profile-user', Array)
#5 C:\xampp\htdocs\stasenudi\vendor\codeigniter4\framework\system\CodeIgniter.php(931): App\Controllers\User->userProfile()
#6 C:\xampp\htdocs\stasenudi\vendor\codeigniter4\framework\system\CodeIgniter.php(439): CodeIgniter\CodeIgniter->runController(Object(App\Controllers\User))
#7 C:\xampp\htdocs\stasenudi\vendor\codeigniter4\framework\system\CodeIgniter.php(339): CodeIgniter\CodeIgniter->handleRequest(NULL, Object(Config\Cache), false)
#8 C:\xampp\htdocs\stasenudi\public\index.php(36): CodeIgniter\CodeIgniter->run()
#9 C:\xampp\htdocs\stasenudi\vendor\codeigniter4\framework\system\Commands\Server\rewrite.php(45): require_once('C:\\xampp\\htdocs...')
#10 {main}
CRITICAL - 2021-06-03 17:38:13 --> Call to a member function get() on null
#0 C:\xampp\htdocs\stasenudi\vendor\codeigniter4\framework\system\View\View.php(230): include()
#1 C:\xampp\htdocs\stasenudi\vendor\codeigniter4\framework\system\View\View.php(232): CodeIgniter\View\View->CodeIgniter\View\{closure}()
#2 C:\xampp\htdocs\stasenudi\vendor\codeigniter4\framework\system\Common.php(1250): CodeIgniter\View\View->render('common/profile-...', Array, true)
#3 C:\xampp\htdocs\stasenudi\app\Controllers\User.php(16): view('common/profile-...', Array)
#4 C:\xampp\htdocs\stasenudi\app\Controllers\User.php(63): App\Controllers\User->show('profile-user', Array)
#5 C:\xampp\htdocs\stasenudi\vendor\codeigniter4\framework\system\CodeIgniter.php(931): App\Controllers\User->userProfile()
#6 C:\xampp\htdocs\stasenudi\vendor\codeigniter4\framework\system\CodeIgniter.php(439): CodeIgniter\CodeIgniter->runController(Object(App\Controllers\User))
#7 C:\xampp\htdocs\stasenudi\vendor\codeigniter4\framework\system\CodeIgniter.php(339): CodeIgniter\CodeIgniter->handleRequest(NULL, Object(Config\Cache), false)
#8 C:\xampp\htdocs\stasenudi\public\index.php(36): CodeIgniter\CodeIgniter->run()
#9 C:\xampp\htdocs\stasenudi\vendor\codeigniter4\framework\system\Commands\Server\rewrite.php(45): require_once('C:\\xampp\\htdocs...')
#10 {main}
CRITICAL - 2021-06-03 17:40:20 --> Call to a member function get() on null
#0 C:\xampp\htdocs\stasenudi\vendor\codeigniter4\framework\system\View\View.php(230): include()
#1 C:\xampp\htdocs\stasenudi\vendor\codeigniter4\framework\system\View\View.php(232): CodeIgniter\View\View->CodeIgniter\View\{closure}()
#2 C:\xampp\htdocs\stasenudi\vendor\codeigniter4\framework\system\Common.php(1250): CodeIgniter\View\View->render('common/profile-...', Array, true)
#3 C:\xampp\htdocs\stasenudi\app\Controllers\User.php(16): view('common/profile-...', Array)
#4 C:\xampp\htdocs\stasenudi\app\Controllers\User.php(63): App\Controllers\User->show('profile-user', Array)
#5 C:\xampp\htdocs\stasenudi\vendor\codeigniter4\framework\system\CodeIgniter.php(931): App\Controllers\User->userProfile()
#6 C:\xampp\htdocs\stasenudi\vendor\codeigniter4\framework\system\CodeIgniter.php(439): CodeIgniter\CodeIgniter->runController(Object(App\Controllers\User))
#7 C:\xampp\htdocs\stasenudi\vendor\codeigniter4\framework\system\CodeIgniter.php(339): CodeIgniter\CodeIgniter->handleRequest(NULL, Object(Config\Cache), false)
#8 C:\xampp\htdocs\stasenudi\public\index.php(36): CodeIgniter\CodeIgniter->run()
#9 C:\xampp\htdocs\stasenudi\vendor\codeigniter4\framework\system\Commands\Server\rewrite.php(45): require_once('C:\\xampp\\htdocs...')
#10 {main}
CRITICAL - 2021-06-03 17:44:05 --> Call to a member function get() on null
#0 C:\xampp\htdocs\stasenudi\vendor\codeigniter4\framework\system\View\View.php(230): include()
#1 C:\xampp\htdocs\stasenudi\vendor\codeigniter4\framework\system\View\View.php(232): CodeIgniter\View\View->CodeIgniter\View\{closure}()
#2 C:\xampp\htdocs\stasenudi\vendor\codeigniter4\framework\system\Common.php(1250): CodeIgniter\View\View->render('common/profile-...', Array, true)
#3 C:\xampp\htdocs\stasenudi\app\Controllers\User.php(16): view('common/profile-...', Array)
#4 C:\xampp\htdocs\stasenudi\app\Controllers\User.php(63): App\Controllers\User->show('profile-user', Array)
#5 C:\xampp\htdocs\stasenudi\vendor\codeigniter4\framework\system\CodeIgniter.php(931): App\Controllers\User->userProfile()
#6 C:\xampp\htdocs\stasenudi\vendor\codeigniter4\framework\system\CodeIgniter.php(439): CodeIgniter\CodeIgniter->runController(Object(App\Controllers\User))
#7 C:\xampp\htdocs\stasenudi\vendor\codeigniter4\framework\system\CodeIgniter.php(339): CodeIgniter\CodeIgniter->handleRequest(NULL, Object(Config\Cache), false)
#8 C:\xampp\htdocs\stasenudi\public\index.php(36): CodeIgniter\CodeIgniter->run()
#9 C:\xampp\htdocs\stasenudi\vendor\codeigniter4\framework\system\Commands\Server\rewrite.php(45): require_once('C:\\xampp\\htdocs...')
#10 {main}
CRITICAL - 2021-06-03 17:44:06 --> Call to a member function get() on null
#0 C:\xampp\htdocs\stasenudi\vendor\codeigniter4\framework\system\View\View.php(230): include()
#1 C:\xampp\htdocs\stasenudi\vendor\codeigniter4\framework\system\View\View.php(232): CodeIgniter\View\View->CodeIgniter\View\{closure}()
#2 C:\xampp\htdocs\stasenudi\vendor\codeigniter4\framework\system\Common.php(1250): CodeIgniter\View\View->render('common/profile-...', Array, true)
#3 C:\xampp\htdocs\stasenudi\app\Controllers\User.php(16): view('common/profile-...', Array)
#4 C:\xampp\htdocs\stasenudi\app\Controllers\User.php(63): App\Controllers\User->show('profile-user', Array)
#5 C:\xampp\htdocs\stasenudi\vendor\codeigniter4\framework\system\CodeIgniter.php(931): App\Controllers\User->userProfile()
#6 C:\xampp\htdocs\stasenudi\vendor\codeigniter4\framework\system\CodeIgniter.php(439): CodeIgniter\CodeIgniter->runController(Object(App\Controllers\User))
#7 C:\xampp\htdocs\stasenudi\vendor\codeigniter4\framework\system\CodeIgniter.php(339): CodeIgniter\CodeIgniter->handleRequest(NULL, Object(Config\Cache), false)
#8 C:\xampp\htdocs\stasenudi\public\index.php(36): CodeIgniter\CodeIgniter->run()
#9 C:\xampp\htdocs\stasenudi\vendor\codeigniter4\framework\system\Commands\Server\rewrite.php(45): require_once('C:\\xampp\\htdocs...')
#10 {main}
CRITICAL - 2021-06-03 17:44:23 --> Call to a member function get() on null
#0 C:\xampp\htdocs\stasenudi\vendor\codeigniter4\framework\system\View\View.php(230): include()
#1 C:\xampp\htdocs\stasenudi\vendor\codeigniter4\framework\system\View\View.php(232): CodeIgniter\View\View->CodeIgniter\View\{closure}()
#2 C:\xampp\htdocs\stasenudi\vendor\codeigniter4\framework\system\Common.php(1250): CodeIgniter\View\View->render('common/profile-...', Array, true)
#3 C:\xampp\htdocs\stasenudi\app\Controllers\Guest.php(17): view('common/profile-...', Array)
#4 C:\xampp\htdocs\stasenudi\app\Controllers\Guest.php(97): App\Controllers\Guest->show('profile-user', Array)
#5 C:\xampp\htdocs\stasenudi\vendor\codeigniter4\framework\system\CodeIgniter.php(931): App\Controllers\Guest->userProfile('1')
#6 C:\xampp\htdocs\stasenudi\vendor\codeigniter4\framework\system\CodeIgniter.php(439): CodeIgniter\CodeIgniter->runController(Object(App\Controllers\Guest))
#7 C:\xampp\htdocs\stasenudi\vendor\codeigniter4\framework\system\CodeIgniter.php(339): CodeIgniter\CodeIgniter->handleRequest(NULL, Object(Config\Cache), false)
#8 C:\xampp\htdocs\stasenudi\public\index.php(36): CodeIgniter\CodeIgniter->run()
#9 C:\xampp\htdocs\stasenudi\vendor\codeigniter4\framework\system\Commands\Server\rewrite.php(45): require_once('C:\\xampp\\htdocs...')
#10 {main}
CRITICAL - 2021-06-03 17:46:38 --> Call to a member function get() on null
#0 C:\xampp\htdocs\stasenudi\vendor\codeigniter4\framework\system\View\View.php(230): include()
#1 C:\xampp\htdocs\stasenudi\vendor\codeigniter4\framework\system\View\View.php(232): CodeIgniter\View\View->CodeIgniter\View\{closure}()
#2 C:\xampp\htdocs\stasenudi\vendor\codeigniter4\framework\system\Common.php(1250): CodeIgniter\View\View->render('common/profile-...', Array, true)
#3 C:\xampp\htdocs\stasenudi\app\Controllers\User.php(16): view('common/profile-...', Array)
#4 C:\xampp\htdocs\stasenudi\app\Controllers\User.php(63): App\Controllers\User->show('profile-user', Array)
#5 C:\xampp\htdocs\stasenudi\vendor\codeigniter4\framework\system\CodeIgniter.php(931): App\Controllers\User->userProfile()
#6 C:\xampp\htdocs\stasenudi\vendor\codeigniter4\framework\system\CodeIgniter.php(439): CodeIgniter\CodeIgniter->runController(Object(App\Controllers\User))
#7 C:\xampp\htdocs\stasenudi\vendor\codeigniter4\framework\system\CodeIgniter.php(339): CodeIgniter\CodeIgniter->handleRequest(NULL, Object(Config\Cache), false)
#8 C:\xampp\htdocs\stasenudi\public\index.php(36): CodeIgniter\CodeIgniter->run()
#9 C:\xampp\htdocs\stasenudi\vendor\codeigniter4\framework\system\Commands\Server\rewrite.php(45): require_once('C:\\xampp\\htdocs...')
#10 {main}
CRITICAL - 2021-06-03 17:48:40 --> Call to a member function get() on null
#0 C:\xampp\htdocs\stasenudi\vendor\codeigniter4\framework\system\View\View.php(230): include()
#1 C:\xampp\htdocs\stasenudi\vendor\codeigniter4\framework\system\View\View.php(232): CodeIgniter\View\View->CodeIgniter\View\{closure}()
#2 C:\xampp\htdocs\stasenudi\vendor\codeigniter4\framework\system\Common.php(1250): CodeIgniter\View\View->render('common/profile-...', Array, true)
#3 C:\xampp\htdocs\stasenudi\app\Controllers\User.php(16): view('common/profile-...', Array)
#4 C:\xampp\htdocs\stasenudi\app\Controllers\User.php(63): App\Controllers\User->show('profile-user', Array)
#5 C:\xampp\htdocs\stasenudi\vendor\codeigniter4\framework\system\CodeIgniter.php(931): App\Controllers\User->userProfile()
#6 C:\xampp\htdocs\stasenudi\vendor\codeigniter4\framework\system\CodeIgniter.php(439): CodeIgniter\CodeIgniter->runController(Object(App\Controllers\User))
#7 C:\xampp\htdocs\stasenudi\vendor\codeigniter4\framework\system\CodeIgniter.php(339): CodeIgniter\CodeIgniter->handleRequest(NULL, Object(Config\Cache), false)
#8 C:\xampp\htdocs\stasenudi\public\index.php(36): CodeIgniter\CodeIgniter->run()
#9 C:\xampp\htdocs\stasenudi\vendor\codeigniter4\framework\system\Commands\Server\rewrite.php(45): require_once('C:\\xampp\\htdocs...')
#10 {main}
CRITICAL - 2021-06-03 17:49:26 --> Call to a member function get() on null
#0 C:\xampp\htdocs\stasenudi\vendor\codeigniter4\framework\system\View\View.php(230): include()
#1 C:\xampp\htdocs\stasenudi\vendor\codeigniter4\framework\system\View\View.php(232): CodeIgniter\View\View->CodeIgniter\View\{closure}()
#2 C:\xampp\htdocs\stasenudi\vendor\codeigniter4\framework\system\Common.php(1250): CodeIgniter\View\View->render('common/profile-...', Array, true)
#3 C:\xampp\htdocs\stasenudi\app\Controllers\User.php(16): view('common/profile-...', Array)
#4 C:\xampp\htdocs\stasenudi\app\Controllers\User.php(63): App\Controllers\User->show('profile-user', Array)
#5 C:\xampp\htdocs\stasenudi\vendor\codeigniter4\framework\system\CodeIgniter.php(931): App\Controllers\User->userProfile()
#6 C:\xampp\htdocs\stasenudi\vendor\codeigniter4\framework\system\CodeIgniter.php(439): CodeIgniter\CodeIgniter->runController(Object(App\Controllers\User))
#7 C:\xampp\htdocs\stasenudi\vendor\codeigniter4\framework\system\CodeIgniter.php(339): CodeIgniter\CodeIgniter->handleRequest(NULL, Object(Config\Cache), false)
#8 C:\xampp\htdocs\stasenudi\public\index.php(36): CodeIgniter\CodeIgniter->run()
#9 C:\xampp\htdocs\stasenudi\vendor\codeigniter4\framework\system\Commands\Server\rewrite.php(45): require_once('C:\\xampp\\htdocs...')
#10 {main}
CRITICAL - 2021-06-03 18:01:06 --> Too few arguments to function App\Controllers\Guest::showUserAds(), 0 passed in C:\xampp\htdocs\stasenudi\vendor\codeigniter4\framework\system\CodeIgniter.php on line 931 and exactly 1 expected
#0 C:\xampp\htdocs\stasenudi\vendor\codeigniter4\framework\system\CodeIgniter.php(931): App\Controllers\Guest->showUserAds()
#1 C:\xampp\htdocs\stasenudi\vendor\codeigniter4\framework\system\CodeIgniter.php(439): CodeIgniter\CodeIgniter->runController(Object(App\Controllers\Guest))
#2 C:\xampp\htdocs\stasenudi\vendor\codeigniter4\framework\system\CodeIgniter.php(339): CodeIgniter\CodeIgniter->handleRequest(NULL, Object(Config\Cache), false)
#3 C:\xampp\htdocs\stasenudi\public\index.php(36): CodeIgniter\CodeIgniter->run()
#4 C:\xampp\htdocs\stasenudi\vendor\codeigniter4\framework\system\Commands\Server\rewrite.php(45): require_once('C:\\xampp\\htdocs...')
#5 {main}
CRITICAL - 2021-06-03 18:01:16 --> Too few arguments to function App\Controllers\Guest::showUserAds(), 0 passed in C:\xampp\htdocs\stasenudi\vendor\codeigniter4\framework\system\CodeIgniter.php on line 931 and exactly 1 expected
#0 C:\xampp\htdocs\stasenudi\vendor\codeigniter4\framework\system\CodeIgniter.php(931): App\Controllers\Guest->showUserAds()
#1 C:\xampp\htdocs\stasenudi\vendor\codeigniter4\framework\system\CodeIgniter.php(439): CodeIgniter\CodeIgniter->runController(Object(App\Controllers\Guest))
#2 C:\xampp\htdocs\stasenudi\vendor\codeigniter4\framework\system\CodeIgniter.php(339): CodeIgniter\CodeIgniter->handleRequest(NULL, Object(Config\Cache), false)
#3 C:\xampp\htdocs\stasenudi\public\index.php(36): CodeIgniter\CodeIgniter->run()
#4 C:\xampp\htdocs\stasenudi\vendor\codeigniter4\framework\system\Commands\Server\rewrite.php(45): require_once('C:\\xampp\\htdocs...')
#5 {main}
CRITICAL - 2021-06-03 18:01:52 --> Too few arguments to function App\Controllers\Guest::showUserAds(), 0 passed in C:\xampp\htdocs\stasenudi\vendor\codeigniter4\framework\system\CodeIgniter.php on line 931 and exactly 1 expected
#0 C:\xampp\htdocs\stasenudi\vendor\codeigniter4\framework\system\CodeIgniter.php(931): App\Controllers\Guest->showUserAds()
#1 C:\xampp\htdocs\stasenudi\vendor\codeigniter4\framework\system\CodeIgniter.php(439): CodeIgniter\CodeIgniter->runController(Object(App\Controllers\Guest))
#2 C:\xampp\htdocs\stasenudi\vendor\codeigniter4\framework\system\CodeIgniter.php(339): CodeIgniter\CodeIgniter->handleRequest(NULL, Object(Config\Cache), false)
#3 C:\xampp\htdocs\stasenudi\public\index.php(36): CodeIgniter\CodeIgniter->run()
#4 C:\xampp\htdocs\stasenudi\vendor\codeigniter4\framework\system\Commands\Server\rewrite.php(45): require_once('C:\\xampp\\htdocs...')
#5 {main}
CRITICAL - 2021-06-03 18:03:23 --> Too few arguments to function App\Controllers\Guest::showUserAds(), 0 passed in C:\xampp\htdocs\stasenudi\vendor\codeigniter4\framework\system\CodeIgniter.php on line 931 and exactly 1 expected
#0 C:\xampp\htdocs\stasenudi\vendor\codeigniter4\framework\system\CodeIgniter.php(931): App\Controllers\Guest->showUserAds()
#1 C:\xampp\htdocs\stasenudi\vendor\codeigniter4\framework\system\CodeIgniter.php(439): CodeIgniter\CodeIgniter->runController(Object(App\Controllers\Guest))
#2 C:\xampp\htdocs\stasenudi\vendor\codeigniter4\framework\system\CodeIgniter.php(339): CodeIgniter\CodeIgniter->handleRequest(NULL, Object(Config\Cache), false)
#3 C:\xampp\htdocs\stasenudi\public\index.php(36): CodeIgniter\CodeIgniter->run()
#4 C:\xampp\htdocs\stasenudi\vendor\codeigniter4\framework\system\Commands\Server\rewrite.php(45): require_once('C:\\xampp\\htdocs...')
#5 {main}
CRITICAL - 2021-06-03 18:03:27 --> Too few arguments to function App\Controllers\Guest::showUserAds(), 0 passed in C:\xampp\htdocs\stasenudi\vendor\codeigniter4\framework\system\CodeIgniter.php on line 931 and exactly 1 expected
#0 C:\xampp\htdocs\stasenudi\vendor\codeigniter4\framework\system\CodeIgniter.php(931): App\Controllers\Guest->showUserAds()
#1 C:\xampp\htdocs\stasenudi\vendor\codeigniter4\framework\system\CodeIgniter.php(439): CodeIgniter\CodeIgniter->runController(Object(App\Controllers\Guest))
#2 C:\xampp\htdocs\stasenudi\vendor\codeigniter4\framework\system\CodeIgniter.php(339): CodeIgniter\CodeIgniter->handleRequest(NULL, Object(Config\Cache), false)
#3 C:\xampp\htdocs\stasenudi\public\index.php(36): CodeIgniter\CodeIgniter->run()
#4 C:\xampp\htdocs\stasenudi\vendor\codeigniter4\framework\system\Commands\Server\rewrite.php(45): require_once('C:\\xampp\\htdocs...')
#5 {main}
CRITICAL - 2021-06-03 18:06:50 --> Too few arguments to function App\Controllers\Guest::showUserAds(), 0 passed in C:\xampp\htdocs\stasenudi\vendor\codeigniter4\framework\system\CodeIgniter.php on line 931 and exactly 1 expected
#0 C:\xampp\htdocs\stasenudi\vendor\codeigniter4\framework\system\CodeIgniter.php(931): App\Controllers\Guest->showUserAds()
#1 C:\xampp\htdocs\stasenudi\vendor\codeigniter4\framework\system\CodeIgniter.php(439): CodeIgniter\CodeIgniter->runController(Object(App\Controllers\Guest))
#2 C:\xampp\htdocs\stasenudi\vendor\codeigniter4\framework\system\CodeIgniter.php(339): CodeIgniter\CodeIgniter->handleRequest(NULL, Object(Config\Cache), false)
#3 C:\xampp\htdocs\stasenudi\public\index.php(36): CodeIgniter\CodeIgniter->run()
#4 C:\xampp\htdocs\stasenudi\vendor\codeigniter4\framework\system\Commands\Server\rewrite.php(45): require_once('C:\\xampp\\htdocs...')
#5 {main}
CRITICAL - 2021-06-03 18:07:12 --> Too few arguments to function App\Controllers\Guest::showUserAds(), 0 passed in C:\xampp\htdocs\stasenudi\vendor\codeigniter4\framework\system\CodeIgniter.php on line 931 and exactly 1 expected
#0 C:\xampp\htdocs\stasenudi\vendor\codeigniter4\framework\system\CodeIgniter.php(931): App\Controllers\Guest->showUserAds()
#1 C:\xampp\htdocs\stasenudi\vendor\codeigniter4\framework\system\CodeIgniter.php(439): CodeIgniter\CodeIgniter->runController(Object(App\Controllers\Guest))
#2 C:\xampp\htdocs\stasenudi\vendor\codeigniter4\framework\system\CodeIgniter.php(339): CodeIgniter\CodeIgniter->handleRequest(NULL, Object(Config\Cache), false)
#3 C:\xampp\htdocs\stasenudi\public\index.php(36): CodeIgniter\CodeIgniter->run()
#4 C:\xampp\htdocs\stasenudi\vendor\codeigniter4\framework\system\Commands\Server\rewrite.php(45): require_once('C:\\xampp\\htdocs...')
#5 {main}
