CRITICAL - 2021-06-01 07:52:12 --> Invalid file: header-guest.php
#0 C:\xampp\htdocs\stasenudi\vendor\codeigniter4\framework\system\View\View.php(213): CodeIgniter\Exceptions\FrameworkException::forInvalidFile('header-guest.ph...')
#1 C:\xampp\htdocs\stasenudi\vendor\codeigniter4\framework\system\Common.php(1250): CodeIgniter\View\View->render('header-guest', Array, true)
#2 C:\xampp\htdocs\stasenudi\app\Controllers\Home.php(9): view('header-guest')
#3 C:\xampp\htdocs\stasenudi\vendor\codeigniter4\framework\system\CodeIgniter.php(931): App\Controllers\Home->index()
#4 C:\xampp\htdocs\stasenudi\vendor\codeigniter4\framework\system\CodeIgniter.php(439): CodeIgniter\CodeIgniter->runController(Object(App\Controllers\Home))
#5 C:\xampp\htdocs\stasenudi\vendor\codeigniter4\framework\system\CodeIgniter.php(339): CodeIgniter\CodeIgniter->handleRequest(NULL, Object(Config\Cache), false)
#6 C:\xampp\htdocs\stasenudi\public\index.php(36): CodeIgniter\CodeIgniter->run()
#7 C:\xampp\htdocs\stasenudi\vendor\codeigniter4\framework\system\Commands\Server\rewrite.php(45): require_once('C:\\xampp\\htdocs...')
#8 {main}
CRITICAL - 2021-06-01 07:55:02 --> Invalid file: header-guest.php
#0 C:\xampp\htdocs\stasenudi\vendor\codeigniter4\framework\system\View\View.php(213): CodeIgniter\Exceptions\FrameworkException::forInvalidFile('header-guest.ph...')
#1 C:\xampp\htdocs\stasenudi\vendor\codeigniter4\framework\system\Common.php(1250): CodeIgniter\View\View->render('header-guest', Array, true)
#2 C:\xampp\htdocs\stasenudi\app\Controllers\Home.php(9): view('header-guest')
#3 C:\xampp\htdocs\stasenudi\vendor\codeigniter4\framework\system\CodeIgniter.php(931): App\Controllers\Home->index()
#4 C:\xampp\htdocs\stasenudi\vendor\codeigniter4\framework\system\CodeIgniter.php(439): CodeIgniter\CodeIgniter->runController(Object(App\Controllers\Home))
#5 C:\xampp\htdocs\stasenudi\vendor\codeigniter4\framework\system\CodeIgniter.php(339): CodeIgniter\CodeIgniter->handleRequest(NULL, Object(Config\Cache), false)
#6 C:\xampp\htdocs\stasenudi\public\index.php(36): CodeIgniter\CodeIgniter->run()
#7 C:\xampp\htdocs\stasenudi\vendor\codeigniter4\framework\system\Commands\Server\rewrite.php(45): require_once('C:\\xampp\\htdocs...')
#8 {main}
CRITICAL - 2021-06-01 07:55:02 --> Invalid file: header-guest.php
#0 C:\xampp\htdocs\stasenudi\vendor\codeigniter4\framework\system\View\View.php(213): CodeIgniter\Exceptions\FrameworkException::forInvalidFile('header-guest.ph...')
#1 C:\xampp\htdocs\stasenudi\vendor\codeigniter4\framework\system\Common.php(1250): CodeIgniter\View\View->render('header-guest', Array, true)
#2 C:\xampp\htdocs\stasenudi\app\Controllers\Home.php(9): view('header-guest')
#3 C:\xampp\htdocs\stasenudi\vendor\codeigniter4\framework\system\CodeIgniter.php(931): App\Controllers\Home->index()
#4 C:\xampp\htdocs\stasenudi\vendor\codeigniter4\framework\system\CodeIgniter.php(439): CodeIgniter\CodeIgniter->runController(Object(App\Controllers\Home))
#5 C:\xampp\htdocs\stasenudi\vendor\codeigniter4\framework\system\CodeIgniter.php(339): CodeIgniter\CodeIgniter->handleRequest(NULL, Object(Config\Cache), false)
#6 C:\xampp\htdocs\stasenudi\public\index.php(36): CodeIgniter\CodeIgniter->run()
#7 C:\xampp\htdocs\stasenudi\vendor\codeigniter4\framework\system\Commands\Server\rewrite.php(45): require_once('C:\\xampp\\htdocs...')
#8 {main}
CRITICAL - 2021-06-01 08:34:28 --> Invalid file: common/$page.php
#0 C:\xampp\htdocs\stasenudi\vendor\codeigniter4\framework\system\View\View.php(213): CodeIgniter\Exceptions\FrameworkException::forInvalidFile('common/$page.ph...')
#1 C:\xampp\htdocs\stasenudi\vendor\codeigniter4\framework\system\Common.php(1250): CodeIgniter\View\View->render('common/$page', Array, true)
#2 C:\xampp\htdocs\stasenudi\app\Controllers\Guest.php(11): view('common/$page')
#3 C:\xampp\htdocs\stasenudi\app\Controllers\Guest.php(17): App\Controllers\Guest->show('home', Array)
#4 C:\xampp\htdocs\stasenudi\vendor\codeigniter4\framework\system\CodeIgniter.php(931): App\Controllers\Guest->index()
#5 C:\xampp\htdocs\stasenudi\vendor\codeigniter4\framework\system\CodeIgniter.php(439): CodeIgniter\CodeIgniter->runController(Object(App\Controllers\Guest))
#6 C:\xampp\htdocs\stasenudi\vendor\codeigniter4\framework\system\CodeIgniter.php(339): CodeIgniter\CodeIgniter->handleRequest(NULL, Object(Config\Cache), false)
#7 C:\xampp\htdocs\stasenudi\public\index.php(36): CodeIgniter\CodeIgniter->run()
#8 C:\xampp\htdocs\stasenudi\vendor\codeigniter4\framework\system\Commands\Server\rewrite.php(45): require_once('C:\\xampp\\htdocs...')
#9 {main}
CRITICAL - 2021-06-01 09:04:51 --> Too few arguments to function App\Controllers\Guest::show(), 0 passed in C:\xampp\htdocs\stasenudi\vendor\codeigniter4\framework\system\CodeIgniter.php on line 931 and exactly 2 expected
#0 C:\xampp\htdocs\stasenudi\vendor\codeigniter4\framework\system\CodeIgniter.php(931): App\Controllers\Guest->show()
#1 C:\xampp\htdocs\stasenudi\vendor\codeigniter4\framework\system\CodeIgniter.php(439): CodeIgniter\CodeIgniter->runController(Object(App\Controllers\Guest))
#2 C:\xampp\htdocs\stasenudi\vendor\codeigniter4\framework\system\CodeIgniter.php(339): CodeIgniter\CodeIgniter->handleRequest(NULL, Object(Config\Cache), false)
#3 C:\xampp\htdocs\stasenudi\public\index.php(36): CodeIgniter\CodeIgniter->run()
#4 C:\xampp\htdocs\stasenudi\vendor\codeigniter4\framework\system\Commands\Server\rewrite.php(45): require_once('C:\\xampp\\htdocs...')
#5 {main}
CRITICAL - 2021-06-01 10:30:42 --> Undefined variable: controller
#0 C:\xampp\htdocs\stasenudi\app\Views\common\menu.php(40): CodeIgniter\Debug\Exceptions->errorHandler(8, 'Undefined varia...', 'C:\\xampp\\htdocs...', 40, Array)
#1 C:\xampp\htdocs\stasenudi\vendor\codeigniter4\framework\system\View\View.php(230): include('C:\\xampp\\htdocs...')
#2 C:\xampp\htdocs\stasenudi\vendor\codeigniter4\framework\system\View\View.php(232): CodeIgniter\View\View->CodeIgniter\View\{closure}()
#3 C:\xampp\htdocs\stasenudi\vendor\codeigniter4\framework\system\Common.php(1250): CodeIgniter\View\View->render('common/menu', Array, true)
#4 C:\xampp\htdocs\stasenudi\app\Controllers\Guest.php(10): view('common/menu')
#5 C:\xampp\htdocs\stasenudi\app\Controllers\Guest.php(17): App\Controllers\Guest->show('home', Array)
#6 C:\xampp\htdocs\stasenudi\vendor\codeigniter4\framework\system\CodeIgniter.php(931): App\Controllers\Guest->index()
#7 C:\xampp\htdocs\stasenudi\vendor\codeigniter4\framework\system\CodeIgniter.php(439): CodeIgniter\CodeIgniter->runController(Object(App\Controllers\Guest))
#8 C:\xampp\htdocs\stasenudi\vendor\codeigniter4\framework\system\CodeIgniter.php(339): CodeIgniter\CodeIgniter->handleRequest(NULL, Object(Config\Cache), false)
#9 C:\xampp\htdocs\stasenudi\public\index.php(36): CodeIgniter\CodeIgniter->run()
#10 C:\xampp\htdocs\stasenudi\vendor\codeigniter4\framework\system\Commands\Server\rewrite.php(45): require_once('C:\\xampp\\htdocs...')
#11 {main}
CRITICAL - 2021-06-01 10:30:46 --> Undefined variable: controller
#0 C:\xampp\htdocs\stasenudi\app\Views\common\menu.php(40): CodeIgniter\Debug\Exceptions->errorHandler(8, 'Undefined varia...', 'C:\\xampp\\htdocs...', 40, Array)
#1 C:\xampp\htdocs\stasenudi\vendor\codeigniter4\framework\system\View\View.php(230): include('C:\\xampp\\htdocs...')
#2 C:\xampp\htdocs\stasenudi\vendor\codeigniter4\framework\system\View\View.php(232): CodeIgniter\View\View->CodeIgniter\View\{closure}()
#3 C:\xampp\htdocs\stasenudi\vendor\codeigniter4\framework\system\Common.php(1250): CodeIgniter\View\View->render('common/menu', Array, true)
#4 C:\xampp\htdocs\stasenudi\app\Controllers\Guest.php(10): view('common/menu')
#5 C:\xampp\htdocs\stasenudi\app\Controllers\Guest.php(17): App\Controllers\Guest->show('home', Array)
#6 C:\xampp\htdocs\stasenudi\vendor\codeigniter4\framework\system\CodeIgniter.php(931): App\Controllers\Guest->index()
#7 C:\xampp\htdocs\stasenudi\vendor\codeigniter4\framework\system\CodeIgniter.php(439): CodeIgniter\CodeIgniter->runController(Object(App\Controllers\Guest))
#8 C:\xampp\htdocs\stasenudi\vendor\codeigniter4\framework\system\CodeIgniter.php(339): CodeIgniter\CodeIgniter->handleRequest(NULL, Object(Config\Cache), false)
#9 C:\xampp\htdocs\stasenudi\public\index.php(36): CodeIgniter\CodeIgniter->run()
#10 C:\xampp\htdocs\stasenudi\vendor\codeigniter4\framework\system\Commands\Server\rewrite.php(45): require_once('C:\\xampp\\htdocs...')
#11 {main}
CRITICAL - 2021-06-01 10:31:48 --> Undefined variable: controller
#0 C:\xampp\htdocs\stasenudi\app\Views\common\menu.php(40): CodeIgniter\Debug\Exceptions->errorHandler(8, 'Undefined varia...', 'C:\\xampp\\htdocs...', 40, Array)
#1 C:\xampp\htdocs\stasenudi\vendor\codeigniter4\framework\system\View\View.php(230): include('C:\\xampp\\htdocs...')
#2 C:\xampp\htdocs\stasenudi\vendor\codeigniter4\framework\system\View\View.php(232): CodeIgniter\View\View->CodeIgniter\View\{closure}()
#3 C:\xampp\htdocs\stasenudi\vendor\codeigniter4\framework\system\Common.php(1250): CodeIgniter\View\View->render('common/menu', Array, true)
#4 C:\xampp\htdocs\stasenudi\app\Controllers\Guest.php(10): view('common/menu')
#5 C:\xampp\htdocs\stasenudi\app\Controllers\Guest.php(17): App\Controllers\Guest->show('home', Array)
#6 C:\xampp\htdocs\stasenudi\vendor\codeigniter4\framework\system\CodeIgniter.php(931): App\Controllers\Guest->index()
#7 C:\xampp\htdocs\stasenudi\vendor\codeigniter4\framework\system\CodeIgniter.php(439): CodeIgniter\CodeIgniter->runController(Object(App\Controllers\Guest))
#8 C:\xampp\htdocs\stasenudi\vendor\codeigniter4\framework\system\CodeIgniter.php(339): CodeIgniter\CodeIgniter->handleRequest(NULL, Object(Config\Cache), false)
#9 C:\xampp\htdocs\stasenudi\public\index.php(36): CodeIgniter\CodeIgniter->run()
#10 C:\xampp\htdocs\stasenudi\vendor\codeigniter4\framework\system\Commands\Server\rewrite.php(45): require_once('C:\\xampp\\htdocs...')
#11 {main}
CRITICAL - 2021-06-01 10:36:37 --> Undefined variable: controller
#0 C:\xampp\htdocs\stasenudi\app\Views\common\menu.php(40): CodeIgniter\Debug\Exceptions->errorHandler(8, 'Undefined varia...', 'C:\\xampp\\htdocs...', 40, Array)
#1 C:\xampp\htdocs\stasenudi\vendor\codeigniter4\framework\system\View\View.php(230): include('C:\\xampp\\htdocs...')
#2 C:\xampp\htdocs\stasenudi\vendor\codeigniter4\framework\system\View\View.php(232): CodeIgniter\View\View->CodeIgniter\View\{closure}()
#3 C:\xampp\htdocs\stasenudi\vendor\codeigniter4\framework\system\Common.php(1250): CodeIgniter\View\View->render('common/menu', Array, true)
#4 C:\xampp\htdocs\stasenudi\app\Controllers\Guest.php(11): view('common/menu')
#5 C:\xampp\htdocs\stasenudi\app\Controllers\Guest.php(18): App\Controllers\Guest->show('home', Array)
#6 C:\xampp\htdocs\stasenudi\vendor\codeigniter4\framework\system\CodeIgniter.php(931): App\Controllers\Guest->index()
#7 C:\xampp\htdocs\stasenudi\vendor\codeigniter4\framework\system\CodeIgniter.php(439): CodeIgniter\CodeIgniter->runController(Object(App\Controllers\Guest))
#8 C:\xampp\htdocs\stasenudi\vendor\codeigniter4\framework\system\CodeIgniter.php(339): CodeIgniter\CodeIgniter->handleRequest(NULL, Object(Config\Cache), false)
#9 C:\xampp\htdocs\stasenudi\public\index.php(36): CodeIgniter\CodeIgniter->run()
#10 C:\xampp\htdocs\stasenudi\vendor\codeigniter4\framework\system\Commands\Server\rewrite.php(45): require_once('C:\\xampp\\htdocs...')
#11 {main}
CRITICAL - 2021-06-01 10:36:38 --> Undefined variable: controller
#0 C:\xampp\htdocs\stasenudi\app\Views\common\menu.php(40): CodeIgniter\Debug\Exceptions->errorHandler(8, 'Undefined varia...', 'C:\\xampp\\htdocs...', 40, Array)
#1 C:\xampp\htdocs\stasenudi\vendor\codeigniter4\framework\system\View\View.php(230): include('C:\\xampp\\htdocs...')
#2 C:\xampp\htdocs\stasenudi\vendor\codeigniter4\framework\system\View\View.php(232): CodeIgniter\View\View->CodeIgniter\View\{closure}()
#3 C:\xampp\htdocs\stasenudi\vendor\codeigniter4\framework\system\Common.php(1250): CodeIgniter\View\View->render('common/menu', Array, true)
#4 C:\xampp\htdocs\stasenudi\app\Controllers\Guest.php(11): view('common/menu')
#5 C:\xampp\htdocs\stasenudi\app\Controllers\Guest.php(18): App\Controllers\Guest->show('home', Array)
#6 C:\xampp\htdocs\stasenudi\vendor\codeigniter4\framework\system\CodeIgniter.php(931): App\Controllers\Guest->index()
#7 C:\xampp\htdocs\stasenudi\vendor\codeigniter4\framework\system\CodeIgniter.php(439): CodeIgniter\CodeIgniter->runController(Object(App\Controllers\Guest))
#8 C:\xampp\htdocs\stasenudi\vendor\codeigniter4\framework\system\CodeIgniter.php(339): CodeIgniter\CodeIgniter->handleRequest(NULL, Object(Config\Cache), false)
#9 C:\xampp\htdocs\stasenudi\public\index.php(36): CodeIgniter\CodeIgniter->run()
#10 C:\xampp\htdocs\stasenudi\vendor\codeigniter4\framework\system\Commands\Server\rewrite.php(45): require_once('C:\\xampp\\htdocs...')
#11 {main}
CRITICAL - 2021-06-01 10:37:17 --> Undefined variable: controller
#0 C:\xampp\htdocs\stasenudi\app\Views\common\menu.php(40): CodeIgniter\Debug\Exceptions->errorHandler(8, 'Undefined varia...', 'C:\\xampp\\htdocs...', 40, Array)
#1 C:\xampp\htdocs\stasenudi\vendor\codeigniter4\framework\system\View\View.php(230): include('C:\\xampp\\htdocs...')
#2 C:\xampp\htdocs\stasenudi\vendor\codeigniter4\framework\system\View\View.php(232): CodeIgniter\View\View->CodeIgniter\View\{closure}()
#3 C:\xampp\htdocs\stasenudi\vendor\codeigniter4\framework\system\Common.php(1250): CodeIgniter\View\View->render('common/menu', Array, true)
#4 C:\xampp\htdocs\stasenudi\app\Controllers\Guest.php(11): view('common/menu')
#5 C:\xampp\htdocs\stasenudi\app\Controllers\Guest.php(18): App\Controllers\Guest->show('home', Array)
#6 C:\xampp\htdocs\stasenudi\vendor\codeigniter4\framework\system\CodeIgniter.php(931): App\Controllers\Guest->index()
#7 C:\xampp\htdocs\stasenudi\vendor\codeigniter4\framework\system\CodeIgniter.php(439): CodeIgniter\CodeIgniter->runController(Object(App\Controllers\Guest))
#8 C:\xampp\htdocs\stasenudi\vendor\codeigniter4\framework\system\CodeIgniter.php(339): CodeIgniter\CodeIgniter->handleRequest(NULL, Object(Config\Cache), false)
#9 C:\xampp\htdocs\stasenudi\public\index.php(36): CodeIgniter\CodeIgniter->run()
#10 C:\xampp\htdocs\stasenudi\vendor\codeigniter4\framework\system\Commands\Server\rewrite.php(45): require_once('C:\\xampp\\htdocs...')
#11 {main}
CRITICAL - 2021-06-01 10:38:34 --> Undefined variable: controller
#0 C:\xampp\htdocs\stasenudi\app\Views\common\menu.php(40): CodeIgniter\Debug\Exceptions->errorHandler(8, 'Undefined varia...', 'C:\\xampp\\htdocs...', 40, Array)
#1 C:\xampp\htdocs\stasenudi\vendor\codeigniter4\framework\system\View\View.php(230): include('C:\\xampp\\htdocs...')
#2 C:\xampp\htdocs\stasenudi\vendor\codeigniter4\framework\system\View\View.php(232): CodeIgniter\View\View->CodeIgniter\View\{closure}()
#3 C:\xampp\htdocs\stasenudi\vendor\codeigniter4\framework\system\Common.php(1250): CodeIgniter\View\View->render('common/menu', Array, true)
#4 C:\xampp\htdocs\stasenudi\app\Controllers\Guest.php(11): view('common/menu')
#5 C:\xampp\htdocs\stasenudi\app\Controllers\Guest.php(18): App\Controllers\Guest->show('home', Array)
#6 C:\xampp\htdocs\stasenudi\vendor\codeigniter4\framework\system\CodeIgniter.php(931): App\Controllers\Guest->index()
#7 C:\xampp\htdocs\stasenudi\vendor\codeigniter4\framework\system\CodeIgniter.php(439): CodeIgniter\CodeIgniter->runController(Object(App\Controllers\Guest))
#8 C:\xampp\htdocs\stasenudi\vendor\codeigniter4\framework\system\CodeIgniter.php(339): CodeIgniter\CodeIgniter->handleRequest(NULL, Object(Config\Cache), false)
#9 C:\xampp\htdocs\stasenudi\public\index.php(36): CodeIgniter\CodeIgniter->run()
#10 C:\xampp\htdocs\stasenudi\vendor\codeigniter4\framework\system\Commands\Server\rewrite.php(45): require_once('C:\\xampp\\htdocs...')
#11 {main}
CRITICAL - 2021-06-01 10:43:52 --> Undefined variable: controller
#0 C:\xampp\htdocs\stasenudi\app\Views\common\menu.php(40): CodeIgniter\Debug\Exceptions->errorHandler(8, 'Undefined varia...', 'C:\\xampp\\htdocs...', 40, Array)
#1 C:\xampp\htdocs\stasenudi\vendor\codeigniter4\framework\system\View\View.php(230): include('C:\\xampp\\htdocs...')
#2 C:\xampp\htdocs\stasenudi\vendor\codeigniter4\framework\system\View\View.php(232): CodeIgniter\View\View->CodeIgniter\View\{closure}()
#3 C:\xampp\htdocs\stasenudi\vendor\codeigniter4\framework\system\Common.php(1250): CodeIgniter\View\View->render('common/menu', Array, true)
#4 C:\xampp\htdocs\stasenudi\app\Controllers\Guest.php(11): view('common/menu')
#5 C:\xampp\htdocs\stasenudi\app\Controllers\Guest.php(18): App\Controllers\Guest->show('home', Array)
#6 C:\xampp\htdocs\stasenudi\vendor\codeigniter4\framework\system\CodeIgniter.php(931): App\Controllers\Guest->index()
#7 C:\xampp\htdocs\stasenudi\vendor\codeigniter4\framework\system\CodeIgniter.php(439): CodeIgniter\CodeIgniter->runController(Object(App\Controllers\Guest))
#8 C:\xampp\htdocs\stasenudi\vendor\codeigniter4\framework\system\CodeIgniter.php(339): CodeIgniter\CodeIgniter->handleRequest(NULL, Object(Config\Cache), false)
#9 C:\xampp\htdocs\stasenudi\public\index.php(36): CodeIgniter\CodeIgniter->run()
#10 C:\xampp\htdocs\stasenudi\vendor\codeigniter4\framework\system\Commands\Server\rewrite.php(45): require_once('C:\\xampp\\htdocs...')
#11 {main}
CRITICAL - 2021-06-01 10:43:53 --> Undefined variable: controller
#0 C:\xampp\htdocs\stasenudi\app\Views\common\menu.php(40): CodeIgniter\Debug\Exceptions->errorHandler(8, 'Undefined varia...', 'C:\\xampp\\htdocs...', 40, Array)
#1 C:\xampp\htdocs\stasenudi\vendor\codeigniter4\framework\system\View\View.php(230): include('C:\\xampp\\htdocs...')
#2 C:\xampp\htdocs\stasenudi\vendor\codeigniter4\framework\system\View\View.php(232): CodeIgniter\View\View->CodeIgniter\View\{closure}()
#3 C:\xampp\htdocs\stasenudi\vendor\codeigniter4\framework\system\Common.php(1250): CodeIgniter\View\View->render('common/menu', Array, true)
#4 C:\xampp\htdocs\stasenudi\app\Controllers\Guest.php(11): view('common/menu')
#5 C:\xampp\htdocs\stasenudi\app\Controllers\Guest.php(18): App\Controllers\Guest->show('home', Array)
#6 C:\xampp\htdocs\stasenudi\vendor\codeigniter4\framework\system\CodeIgniter.php(931): App\Controllers\Guest->index()
#7 C:\xampp\htdocs\stasenudi\vendor\codeigniter4\framework\system\CodeIgniter.php(439): CodeIgniter\CodeIgniter->runController(Object(App\Controllers\Guest))
#8 C:\xampp\htdocs\stasenudi\vendor\codeigniter4\framework\system\CodeIgniter.php(339): CodeIgniter\CodeIgniter->handleRequest(NULL, Object(Config\Cache), false)
#9 C:\xampp\htdocs\stasenudi\public\index.php(36): CodeIgniter\CodeIgniter->run()
#10 C:\xampp\htdocs\stasenudi\vendor\codeigniter4\framework\system\Commands\Server\rewrite.php(45): require_once('C:\\xampp\\htdocs...')
#11 {main}
CRITICAL - 2021-06-01 15:19:10 --> Use of undefined constant admin - assumed 'admin' (this will throw an Error in a future version of PHP)
#0 C:\xampp\htdocs\stasenudi\app\Controllers\Guest.php(56): CodeIgniter\Debug\Exceptions->errorHandler(2, 'Use of undefine...', 'C:\\xampp\\htdocs...', 56, Array)
#1 C:\xampp\htdocs\stasenudi\vendor\codeigniter4\framework\system\CodeIgniter.php(931): App\Controllers\Guest->loginSubmit()
#2 C:\xampp\htdocs\stasenudi\vendor\codeigniter4\framework\system\CodeIgniter.php(439): CodeIgniter\CodeIgniter->runController(Object(App\Controllers\Guest))
#3 C:\xampp\htdocs\stasenudi\vendor\codeigniter4\framework\system\CodeIgniter.php(339): CodeIgniter\CodeIgniter->handleRequest(NULL, Object(Config\Cache), false)
#4 C:\xampp\htdocs\stasenudi\public\index.php(36): CodeIgniter\CodeIgniter->run()
#5 C:\xampp\htdocs\stasenudi\vendor\codeigniter4\framework\system\Commands\Server\rewrite.php(45): require_once('C:\\xampp\\htdocs...')
#6 {main}
ERROR - 2021-06-01 15:41:49 --> Error connecting to the database: Access denied for user ''@'localhost' (using password: NO)
CRITICAL - 2021-06-01 15:41:49 --> Unable to connect to the database.
Main connection [MySQLi]: Access denied for user ''@'localhost' (using password: NO)
#0 C:\xampp\htdocs\stasenudi\vendor\codeigniter4\framework\system\Database\BaseConnection.php(625): CodeIgniter\Database\BaseConnection->initialize()
#1 C:\xampp\htdocs\stasenudi\vendor\codeigniter4\framework\system\Database\BaseBuilder.php(1881): CodeIgniter\Database\BaseConnection->query('SELECT *\nFROM `...', Array, false)
#2 C:\xampp\htdocs\stasenudi\vendor\codeigniter4\framework\system\Model.php(153): CodeIgniter\Database\BaseBuilder->get()
#3 C:\xampp\htdocs\stasenudi\vendor\codeigniter4\framework\system\BaseModel.php(538): CodeIgniter\Model->doFind(true, 'dusan123')
#4 C:\xampp\htdocs\stasenudi\app\Controllers\Guest.php(55): CodeIgniter\BaseModel->find('dusan123')
#5 C:\xampp\htdocs\stasenudi\vendor\codeigniter4\framework\system\CodeIgniter.php(931): App\Controllers\Guest->loginSubmit()
#6 C:\xampp\htdocs\stasenudi\vendor\codeigniter4\framework\system\CodeIgniter.php(439): CodeIgniter\CodeIgniter->runController(Object(App\Controllers\Guest))
#7 C:\xampp\htdocs\stasenudi\vendor\codeigniter4\framework\system\CodeIgniter.php(339): CodeIgniter\CodeIgniter->handleRequest(NULL, Object(Config\Cache), false)
#8 C:\xampp\htdocs\stasenudi\public\index.php(36): CodeIgniter\CodeIgniter->run()
#9 C:\xampp\htdocs\stasenudi\vendor\codeigniter4\framework\system\Commands\Server\rewrite.php(45): require_once('C:\\xampp\\htdocs...')
#10 {main}
ERROR - 2021-06-01 16:03:28 --> Error connecting to the database: Access denied for user ''@'localhost' (using password: NO)
CRITICAL - 2021-06-01 16:03:28 --> Unable to connect to the database.
Main connection [MySQLi]: Access denied for user ''@'localhost' (using password: NO)
#0 C:\xampp\htdocs\stasenudi\vendor\codeigniter4\framework\system\Database\BaseConnection.php(625): CodeIgniter\Database\BaseConnection->initialize()
#1 C:\xampp\htdocs\stasenudi\vendor\codeigniter4\framework\system\Database\BaseBuilder.php(1881): CodeIgniter\Database\BaseConnection->query('SELECT *\nFROM `...', Array, false)
#2 C:\xampp\htdocs\stasenudi\vendor\codeigniter4\framework\system\Model.php(153): CodeIgniter\Database\BaseBuilder->get()
#3 C:\xampp\htdocs\stasenudi\vendor\codeigniter4\framework\system\BaseModel.php(538): CodeIgniter\Model->doFind(true, 'dusan123')
#4 C:\xampp\htdocs\stasenudi\app\Controllers\Guest.php(55): CodeIgniter\BaseModel->find('dusan123')
#5 C:\xampp\htdocs\stasenudi\vendor\codeigniter4\framework\system\CodeIgniter.php(931): App\Controllers\Guest->loginSubmit()
#6 C:\xampp\htdocs\stasenudi\vendor\codeigniter4\framework\system\CodeIgniter.php(439): CodeIgniter\CodeIgniter->runController(Object(App\Controllers\Guest))
#7 C:\xampp\htdocs\stasenudi\vendor\codeigniter4\framework\system\CodeIgniter.php(339): CodeIgniter\CodeIgniter->handleRequest(NULL, Object(Config\Cache), false)
#8 C:\xampp\htdocs\stasenudi\public\index.php(36): CodeIgniter\CodeIgniter->run()
#9 C:\xampp\htdocs\stasenudi\vendor\codeigniter4\framework\system\Commands\Server\rewrite.php(45): require_once('C:\\xampp\\htdocs...')
#10 {main}
ERROR - 2021-06-01 16:21:43 --> Error connecting to the database: Unknown database 'stasenudi'
CRITICAL - 2021-06-01 16:21:43 --> Unable to connect to the database.
Main connection [MySQLi]: Unknown database 'stasenudi'
#0 C:\xampp\htdocs\stasenudi\vendor\codeigniter4\framework\system\Database\BaseConnection.php(625): CodeIgniter\Database\BaseConnection->initialize()
#1 C:\xampp\htdocs\stasenudi\vendor\codeigniter4\framework\system\Database\BaseBuilder.php(1881): CodeIgniter\Database\BaseConnection->query('SELECT *\nFROM `...', Array, false)
#2 C:\xampp\htdocs\stasenudi\vendor\codeigniter4\framework\system\Model.php(153): CodeIgniter\Database\BaseBuilder->get()
#3 C:\xampp\htdocs\stasenudi\vendor\codeigniter4\framework\system\BaseModel.php(538): CodeIgniter\Model->doFind(true, 'dusan123')
#4 C:\xampp\htdocs\stasenudi\app\Controllers\Guest.php(55): CodeIgniter\BaseModel->find('dusan123')
#5 C:\xampp\htdocs\stasenudi\vendor\codeigniter4\framework\system\CodeIgniter.php(931): App\Controllers\Guest->loginSubmit()
#6 C:\xampp\htdocs\stasenudi\vendor\codeigniter4\framework\system\CodeIgniter.php(439): CodeIgniter\CodeIgniter->runController(Object(App\Controllers\Guest))
#7 C:\xampp\htdocs\stasenudi\vendor\codeigniter4\framework\system\CodeIgniter.php(339): CodeIgniter\CodeIgniter->handleRequest(NULL, Object(Config\Cache), false)
#8 C:\xampp\htdocs\stasenudi\public\index.php(36): CodeIgniter\CodeIgniter->run()
#9 C:\xampp\htdocs\stasenudi\vendor\codeigniter4\framework\system\Commands\Server\rewrite.php(45): require_once('C:\\xampp\\htdocs...')
#10 {main}
